{2850EE9F-70E6-568C-8F03-D6547421C277}
{2828E28E-70E6-568C-8F03-D6547421C277}
{28619934-70E6-568C-8F03-D6547421C277}
{286ECE08-70E6-568C-8F03-D6547421C277}
{286837AF-70E6-568C-8F03-D6547421C277}
{2850EE95-70E6-568C-8F03-D6547421C277}
{2829B4A4-70E6-568C-8F03-D6547421C277}
{286197F2-70E6-568C-8F03-D6547421C277}
{28690A26-70E6-568C-8F03-D6547421C277}
{282DCA67-70E6-568C-8F03-D6547421C277}
{2865926C-70E6-568C-8F03-D6547421C277}
{2855447A-70E6-568C-8F03-D6547421C277}
{28639D3F-70E6-568C-8F03-D6547421C277}
{28690AB0-70E6-568C-8F03-D6547421C277}
{282E844C-70E6-568C-8F03-D6547421C277}
{285D01A0-70E6-568C-8F03-D6547421C277}
{28639D05-70E6-568C-8F03-D6547421C277}
{286A9D9D-70E6-568C-8F03-D6547421C277}
{28371234-70E6-568C-8F03-D6547421C277}
{282E80E9-70E6-568C-8F03-D6547421C277}
{285DC8C7-70E6-568C-8F03-D6547421C277}
{28639FAA-70E6-568C-8F03-D6547421C277}
{286AE901-70E6-568C-8F03-D6547421C277}
{286E82E6-70E6-568C-8F03-D6547421C277}
{282F18CA-70E6-568C-8F03-D6547421C277}
{28671045-70E6-568C-8F03-D6547421C277}
{286608E1-70E6-568C-8F03-D6547421C277}
{286DF75B-70E6-568C-8F03-D6547421C277}
{286E82FD-70E6-568C-8F03-D6547421C277}
{282F18C7-70E6-568C-8F03-D6547421C277}
{286E5286-70E6-568C-8F03-D6547421C277}
{286BB124-70E6-568C-8F03-D6547421C277}
{286E38A6-70E6-568C-8F03-D6547421C277}
{282F16B9-70E6-568C-8F03-D6547421C277}
{286BB133-70E6-568C-8F03-D6547421C277}
{286E3DF8-70E6-568C-8F03-D6547421C277}
{28304105-70E6-568C-8F03-D6547421C277}
{286FD46C-70E6-568C-8F03-D6547421C277}
{286ECDAB-70E6-568C-8F03-D6547421C277}
{286C531F-70E6-568C-8F03-D6547421C277}
{28304101-70E6-568C-8F03-D6547421C277}
{2837D9BF-70E6-568C-8F03-D6547421C277}
{286ED1AB-70E6-568C-8F03-D6547421C277}
{286E6149-70E6-568C-8F03-D6547421C277}
{283040F5-70E6-568C-8F03-D6547421C277}
{2837D9AE-70E6-568C-8F03-D6547421C277}
{286EF62B-70E6-568C-8F03-D6547421C277}
{286E6157-70E6-568C-8F03-D6547421C277}
{283040F1-70E6-568C-8F03-D6547421C277}
{286012CC-70E6-568C-8F03-D6547421C277}
{286F1F14-70E6-568C-8F03-D6547421C277}
{283040CE-70E6-568C-8F03-D6547421C277}
{286417E9-70E6-568C-8F03-D6547421C277}
{286FC01D-70E6-568C-8F03-D6547421C277}
{283530A0-70E6-568C-8F03-D6547421C277}
{282E9826-70E6-568C-8F03-D6547421C277}
{283078F8-70E6-568C-8F03-D6547421C277}
{2867C7F8-70E6-568C-8F03-D6547421C277}
{286FC002-70E6-568C-8F03-D6547421C277}
{28353B57-70E6-568C-8F03-D6547421C277}
{283078F3-70E6-568C-8F03-D6547421C277}
{2867C801-70E6-568C-8F03-D6547421C277}
{286FC118-70E6-568C-8F03-D6547421C277}
{28353B3E-70E6-568C-8F03-D6547421C277}
{283078EB-70E6-568C-8F03-D6547421C277}
{2867C8A5-70E6-568C-8F03-D6547421C277}
{286FE742-70E6-568C-8F03-D6547421C277}
{283CAD72-70E6-568C-8F03-D6547421C277}
{28307887-70E6-568C-8F03-D6547421C277}
{2867C8B0-70E6-568C-8F03-D6547421C277}
{286FF09B-70E6-568C-8F03-D6547421C277}
{28643F8A-70E6-568C-8F03-D6547421C277}
{2839FA55-70E6-568C-8F03-D6547421C277}
{28346B1E-70E6-568C-8F03-D6547421C277}
{28695F6C-70E6-568C-8F03-D6547421C277}
{28701AF0-70E6-568C-8F03-D6547421C277}
{283BB1F7-70E6-568C-8F03-D6547421C277}
{283391DA-70E6-568C-8F03-D6547421C277}
{286B3FE4-70E6-568C-8F03-D6547421C277}
{2870286A-70E6-568C-8F03-D6547421C277}
{28413C00-70E6-568C-8F03-D6547421C277}
{286C176E-70E6-568C-8F03-D6547421C277}
{2861F34F-70E6-568C-8F03-D6547421C277}
{2854E491-70E6-568C-8F03-D6547421C277}
{28330D92-70E6-568C-8F03-D6547421C277}
{286250FB-70E6-568C-8F03-D6547421C277}
{2861F353-70E6-568C-8F03-D6547421C277}
{2854E48E-70E6-568C-8F03-D6547421C277}
{28417EAA-70E6-568C-8F03-D6547421C277}
{28330D7F-70E6-568C-8F03-D6547421C277}
{28703B0F-70E6-568C-8F03-D6547421C277}
{2835ECF2-70E6-568C-8F03-D6547421C277}
{28406407-70E6-568C-8F03-D6547421C277}
{2833178A-70E6-568C-8F03-D6547421C277}
{2843D278-70E6-568C-8F03-D6547421C277}
{283877C5-70E6-568C-8F03-D6547421C277}
{2843D274-70E6-568C-8F03-D6547421C277}
{282863AA-70E6-568C-8F03-D6547421C277}
{283A112B-70E6-568C-8F03-D6547421C277}
{2855167C-70E6-568C-8F03-D6547421C277}
{282B0375-70E6-568C-8F03-D6547421C277}
{2852B3F4-70E6-568C-8F03-D6547421C277}
{28457D66-70E6-568C-8F03-D6547421C277}
{283A0CE9-70E6-568C-8F03-D6547421C277}
{282F3CC6-70E6-568C-8F03-D6547421C277}
{284EC9EA-70E6-568C-8F03-D6547421C277}
{283D2734-70E6-568C-8F03-D6547421C277}
{2867035E-70E6-568C-8F03-D6547421C277}
{2851D4C7-70E6-568C-8F03-D6547421C277}
{2834585A-70E6-568C-8F03-D6547421C277}
{285F76B7-70E6-568C-8F03-D6547421C277}
{283CB127-70E6-568C-8F03-D6547421C277}
{2835A2F0-70E6-568C-8F03-D6547421C277}
{283361FB-70E6-568C-8F03-D6547421C277}
{285F76B3-70E6-568C-8F03-D6547421C277}
{283C0219-70E6-568C-8F03-D6547421C277}
{283361EE-70E6-568C-8F03-D6547421C277}
{285F76AE-70E6-568C-8F03-D6547421C277}
{283C0211-70E6-568C-8F03-D6547421C277}
{283361EA-70E6-568C-8F03-D6547421C277}
{285F76AA-70E6-568C-8F03-D6547421C277}
{283C0205-70E6-568C-8F03-D6547421C277}
{28349E11-70E6-568C-8F03-D6547421C277}
{285F76A6-70E6-568C-8F03-D6547421C277}
{283C014E-70E6-568C-8F03-D6547421C277}
{283361E6-70E6-568C-8F03-D6547421C277}
{285F76A2-70E6-568C-8F03-D6547421C277}
{284B2F2F-70E6-568C-8F03-D6547421C277}
{283BE1B9-70E6-568C-8F03-D6547421C277}
{28335972-70E6-568C-8F03-D6547421C277}
{285F769E-70E6-568C-8F03-D6547421C277}
{2841784D-70E6-568C-8F03-D6547421C277}
{28335962-70E6-568C-8F03-D6547421C277}
{285F769A-70E6-568C-8F03-D6547421C277}
{2852C077-70E6-568C-8F03-D6547421C277}
{2842928D-70E6-568C-8F03-D6547421C277}
{28380E51-70E6-568C-8F03-D6547421C277}
{285F72C4-70E6-568C-8F03-D6547421C277}
{284291E5-70E6-568C-8F03-D6547421C277}
{2841D85C-70E6-568C-8F03-D6547421C277}
{28380DF1-70E6-568C-8F03-D6547421C277}
{285EE0CD-70E6-568C-8F03-D6547421C277}
{284291F9-70E6-568C-8F03-D6547421C277}
{28398DFA-70E6-568C-8F03-D6547421C277}
{2845A0BB-70E6-568C-8F03-D6547421C277}
{283A8FBB-70E6-568C-8F03-D6547421C277}
{28292C1B-70E6-568C-8F03-D6547421C277}
{28459067-70E6-568C-8F03-D6547421C277}
{283BBEAC-70E6-568C-8F03-D6547421C277}
{282ED203-70E6-568C-8F03-D6547421C277}
{28459062-70E6-568C-8F03-D6547421C277}
{283BBEA8-70E6-568C-8F03-D6547421C277}
{282ED1FF-70E6-568C-8F03-D6547421C277}
{284A21F3-70E6-568C-8F03-D6547421C277}
{283B9CFA-70E6-568C-8F03-D6547421C277}
{28304E64-70E6-568C-8F03-D6547421C277}
{284C4947-70E6-568C-8F03-D6547421C277}
{283B9CF6-70E6-568C-8F03-D6547421C277}
{28335A1E-70E6-568C-8F03-D6547421C277}
{284C4943-70E6-568C-8F03-D6547421C277}
{283B9CF2-70E6-568C-8F03-D6547421C277}
{28546A1B-70E6-568C-8F03-D6547421C277}
{28350BD7-70E6-568C-8F03-D6547421C277}
{284C493B-70E6-568C-8F03-D6547421C277}
{283DAEE3-70E6-568C-8F03-D6547421C277}
{283ED4D2-70E6-568C-8F03-D6547421C277}
{284C4935-70E6-568C-8F03-D6547421C277}
{283D824E-70E6-568C-8F03-D6547421C277}
{283ED4D6-70E6-568C-8F03-D6547421C277}
{284C492C-70E6-568C-8F03-D6547421C277}
{28426A97-70E6-568C-8F03-D6547421C277}
{284C4780-70E6-568C-8F03-D6547421C277}
{283ED4B0-70E6-568C-8F03-D6547421C277}
{2843D77B-70E6-568C-8F03-D6547421C277}
{284CC731-70E6-568C-8F03-D6547421C277}
{284214F7-70E6-568C-8F03-D6547421C277}
{2843D774-70E6-568C-8F03-D6547421C277}
{284CC6D9-70E6-568C-8F03-D6547421C277}
{284214EF-70E6-568C-8F03-D6547421C277}
{2843D770-70E6-568C-8F03-D6547421C277}
{28586911-70E6-568C-8F03-D6547421C277}
{284214EA-70E6-568C-8F03-D6547421C277}
{2843D764-70E6-568C-8F03-D6547421C277}
{2859900F-70E6-568C-8F03-D6547421C277}
{284214E2-70E6-568C-8F03-D6547421C277}
{2841FCED-70E6-568C-8F03-D6547421C277}
{2859900B-70E6-568C-8F03-D6547421C277}
{285F35FD-70E6-568C-8F03-D6547421C277}
{284213B0-70E6-568C-8F03-D6547421C277}
{2846C77B-70E6-568C-8F03-D6547421C277}
{28599007-70E6-568C-8F03-D6547421C277}
{285F3872-70E6-568C-8F03-D6547421C277}
{284213AC-70E6-568C-8F03-D6547421C277}
{2848A7BB-70E6-568C-8F03-D6547421C277}
{28599000-70E6-568C-8F03-D6547421C277}
{285F3A70-70E6-568C-8F03-D6547421C277}
{284213A7-70E6-568C-8F03-D6547421C277}
{2848D368-70E6-568C-8F03-D6547421C277}
{28598FFC-70E6-568C-8F03-D6547421C277}
{285F3B69-70E6-568C-8F03-D6547421C277}
{284213A3-70E6-568C-8F03-D6547421C277}
{2848D35B-70E6-568C-8F03-D6547421C277}
{28598FF8-70E6-568C-8F03-D6547421C277}
{285F3DA1-70E6-568C-8F03-D6547421C277}
{2842139F-70E6-568C-8F03-D6547421C277}
{286A35B2-70E6-568C-8F03-D6547421C277}
{2848D357-70E6-568C-8F03-D6547421C277}
{28598FE6-70E6-568C-8F03-D6547421C277}
{285F3F92-70E6-568C-8F03-D6547421C277}
{28421392-70E6-568C-8F03-D6547421C277}
{286A35AE-70E6-568C-8F03-D6547421C277}
{2848D353-70E6-568C-8F03-D6547421C277}
{28598FE2-70E6-568C-8F03-D6547421C277}
{284A0E1A-70E6-568C-8F03-D6547421C277}
{286A35AA-70E6-568C-8F03-D6547421C277}
{2848D34F-70E6-568C-8F03-D6547421C277}
{28598FDE-70E6-568C-8F03-D6547421C277}
{2848D34B-70E6-568C-8F03-D6547421C277}
{284D8E21-70E6-568C-8F03-D6547421C277}
{28598FDA-70E6-568C-8F03-D6547421C277}
{2846E7CD-70E6-568C-8F03-D6547421C277}
{284D8E1D-70E6-568C-8F03-D6547421C277}
{28598FD5-70E6-568C-8F03-D6547421C277}
{2846E7C9-70E6-568C-8F03-D6547421C277}
{284B8F4E-70E6-568C-8F03-D6547421C277}
{28598FC9-70E6-568C-8F03-D6547421C277}
{284998EF-70E6-568C-8F03-D6547421C277}
{284B85B4-70E6-568C-8F03-D6547421C277}
{286D25D1-70E6-568C-8F03-D6547421C277}
{285B60F7-70E6-568C-8F03-D6547421C277}
{2849973A-70E6-568C-8F03-D6547421C277}
{284B7E2F-70E6-568C-8F03-D6547421C277}
{285B6087-70E6-568C-8F03-D6547421C277}
{285EC849-70E6-568C-8F03-D6547421C277}
{284DB417-70E6-568C-8F03-D6547421C277}
{284C53B6-70E6-568C-8F03-D6547421C277}
{285C0A17-70E6-568C-8F03-D6547421C277}
{284FD7AB-70E6-568C-8F03-D6547421C277}
{2854C0B6-70E6-568C-8F03-D6547421C277}
{285C0A0F-70E6-568C-8F03-D6547421C277}
{284FD79D-70E6-568C-8F03-D6547421C277}
{28579E7C-70E6-568C-8F03-D6547421C277}
{285ED140-70E6-568C-8F03-D6547421C277}
{2850E485-70E6-568C-8F03-D6547421C277}
{28538533-70E6-568C-8F03-D6547421C277}
{285EC995-70E6-568C-8F03-D6547421C277}
{2852C279-70E6-568C-8F03-D6547421C277}
{28538C92-70E6-568C-8F03-D6547421C277}
{28634DE9-70E6-568C-8F03-D6547421C277}
{2852C273-70E6-568C-8F03-D6547421C277}
{28624CD1-70E6-568C-8F03-D6547421C277}
{28618DF0-70E6-568C-8F03-D6547421C277}
{28545F8B-70E6-568C-8F03-D6547421C277}
{286532C4-70E6-568C-8F03-D6547421C277}
{28543665-70E6-568C-8F03-D6547421C277}
{282A4A28-70E6-568C-8F03-D6547421C277}
{2864F7F6-70E6-568C-8F03-D6547421C277}
{28543661-70E6-568C-8F03-D6547421C277}
{28290447-70E6-568C-8F03-D6547421C277}
{28651E3A-70E6-568C-8F03-D6547421C277}
{285790D8-70E6-568C-8F03-D6547421C277}
{282903E1-70E6-568C-8F03-D6547421C277}
{28651FD1-70E6-568C-8F03-D6547421C277}
{285768C7-70E6-568C-8F03-D6547421C277}
{282C9667-70E6-568C-8F03-D6547421C277}
{28652090-70E6-568C-8F03-D6547421C277}
{28576680-70E6-568C-8F03-D6547421C277}
{282C9661-70E6-568C-8F03-D6547421C277}
{28652035-70E6-568C-8F03-D6547421C277}
{2857667C-70E6-568C-8F03-D6547421C277}
{282C865A-70E6-568C-8F03-D6547421C277}
{2863E335-70E6-568C-8F03-D6547421C277}
{28576678-70E6-568C-8F03-D6547421C277}
{2865B554-70E6-568C-8F03-D6547421C277}
{2859EA3A-70E6-568C-8F03-D6547421C277}
{283E3E96-70E6-568C-8F03-D6547421C277}
{28576673-70E6-568C-8F03-D6547421C277}
{2867B0A0-70E6-568C-8F03-D6547421C277}
{28408BFB-70E6-568C-8F03-D6547421C277}
{2857666F-70E6-568C-8F03-D6547421C277}
{2867B09C-70E6-568C-8F03-D6547421C277}
{28464E24-70E6-568C-8F03-D6547421C277}
{28576663-70E6-568C-8F03-D6547421C277}
{2867B097-70E6-568C-8F03-D6547421C277}
{2848D043-70E6-568C-8F03-D6547421C277}
{2857665F-70E6-568C-8F03-D6547421C277}
{2867B08B-70E6-568C-8F03-D6547421C277}
{284D189A-70E6-568C-8F03-D6547421C277}
{2857665A-70E6-568C-8F03-D6547421C277}
{2867B087-70E6-568C-8F03-D6547421C277}
{2866860D-70E6-568C-8F03-D6547421C277}
{28576656-70E6-568C-8F03-D6547421C277}
{28675433-70E6-568C-8F03-D6547421C277}
{28668609-70E6-568C-8F03-D6547421C277}
{28576652-70E6-568C-8F03-D6547421C277}
{286A05A3-70E6-568C-8F03-D6547421C277}
{286E60DC-70E6-568C-8F03-D6547421C277}
{28608CEC-70E6-568C-8F03-D6547421C277}
{286A059C-70E6-568C-8F03-D6547421C277}
{2865522C-70E6-568C-8F03-D6547421C277}
{286A058F-70E6-568C-8F03-D6547421C277}
{2828FABD-70E6-568C-8F03-D6547421C277}
{28655073-70E6-568C-8F03-D6547421C277}
{2869CB9C-70E6-568C-8F03-D6547421C277}
{28312A71-70E6-568C-8F03-D6547421C277}
{286450C2-70E6-568C-8F03-D6547421C277}
{286CC317-70E6-568C-8F03-D6547421C277}
{28364FC3-70E6-568C-8F03-D6547421C277}
{2866716D-70E6-568C-8F03-D6547421C277}
{286F22A0-70E6-568C-8F03-D6547421C277}
{2850E495-70E6-568C-8F03-D6547421C277}
{2850CCA0-70E6-568C-8F03-D6547421C277}
{2835AB30-70E6-568C-8F03-D6547421C277}
{2866716A-70E6-568C-8F03-D6547421C277}
{286F2281-70E6-568C-8F03-D6547421C277}
{2867C60F-70E6-568C-8F03-D6547421C277}
{2850E28B-70E6-568C-8F03-D6547421C277}
{2850C86A-70E6-568C-8F03-D6547421C277}
{2835AB2B-70E6-568C-8F03-D6547421C277}
{286A1BC6-70E6-568C-8F03-D6547421C277}
{2850DE7D-70E6-568C-8F03-D6547421C277}
{2850C939-70E6-568C-8F03-D6547421C277}
{2850C773-70E6-568C-8F03-D6547421C277}
{2835AB27-70E6-568C-8F03-D6547421C277}
{28674D23-70E6-568C-8F03-D6547421C277}
{2850D78C-70E6-568C-8F03-D6547421C277}
{2850C593-70E6-568C-8F03-D6547421C277}
{2835AB23-70E6-568C-8F03-D6547421C277}
{28683B73-70E6-568C-8F03-D6547421C277}
{2850D645-70E6-568C-8F03-D6547421C277}
{284F84ED-70E6-568C-8F03-D6547421C277}
{284F812A-70E6-568C-8F03-D6547421C277}
{2835AB1F-70E6-568C-8F03-D6547421C277}
{286C488B-70E6-568C-8F03-D6547421C277}
{283CEF2E-70E6-568C-8F03-D6547421C277}
{28384495-70E6-568C-8F03-D6547421C277}
{286C4859-70E6-568C-8F03-D6547421C277}
{283FCFF5-70E6-568C-8F03-D6547421C277}
{283267EC-70E6-568C-8F03-D6547421C277}
{28316F17-70E6-568C-8F03-D6547421C277}
{286F3EBD-70E6-568C-8F03-D6547421C277}
{284CFABA-70E6-568C-8F03-D6547421C277}
{28326307-70E6-568C-8F03-D6547421C277}
{28316F13-70E6-568C-8F03-D6547421C277}
{286D5EE0-70E6-568C-8F03-D6547421C277}
{284CFAA2-70E6-568C-8F03-D6547421C277}
{28325B46-70E6-568C-8F03-D6547421C277}
{28316F0F-70E6-568C-8F03-D6547421C277}
{284BA846-70E6-568C-8F03-D6547421C277}
{28324C76-70E6-568C-8F03-D6547421C277}
{28316F0B-70E6-568C-8F03-D6547421C277}
{284D93DA-70E6-568C-8F03-D6547421C277}
{284C3C38-70E6-568C-8F03-D6547421C277}
{28323AF0-70E6-568C-8F03-D6547421C277}
{28316F06-70E6-568C-8F03-D6547421C277}
{282D28C9-70E6-568C-8F03-D6547421C277}
{284D9741-70E6-568C-8F03-D6547421C277}
{284C3C32-70E6-568C-8F03-D6547421C277}
{28333F47-70E6-568C-8F03-D6547421C277}
{28316F01-70E6-568C-8F03-D6547421C277}
{282DD0F1-70E6-568C-8F03-D6547421C277}
{285BD02D-70E6-568C-8F03-D6547421C277}
{283D8223-70E6-568C-8F03-D6547421C277}
{28316CF7-70E6-568C-8F03-D6547421C277}
{282DD0E7-70E6-568C-8F03-D6547421C277}
{285BD029-70E6-568C-8F03-D6547421C277}
{283D8C69-70E6-568C-8F03-D6547421C277}
{28316CF2-70E6-568C-8F03-D6547421C277}
{2835AD02-70E6-568C-8F03-D6547421C277}
{285BD025-70E6-568C-8F03-D6547421C277}
{283D9158-70E6-568C-8F03-D6547421C277}
{28316CED-70E6-568C-8F03-D6547421C277}
{283D7022-70E6-568C-8F03-D6547421C277}
{285BD021-70E6-568C-8F03-D6547421C277}
{283D92FE-70E6-568C-8F03-D6547421C277}
{28316CE7-70E6-568C-8F03-D6547421C277}
{2846D4FB-70E6-568C-8F03-D6547421C277}
{2844349B-70E6-568C-8F03-D6547421C277}
{283D7014-70E6-568C-8F03-D6547421C277}
{285BD01D-70E6-568C-8F03-D6547421C277}
{284170A8-70E6-568C-8F03-D6547421C277}
{28329E1B-70E6-568C-8F03-D6547421C277}
{2841E1D8-70E6-568C-8F03-D6547421C277}
{285BD019-70E6-568C-8F03-D6547421C277}
{2837F894-70E6-568C-8F03-D6547421C277}
{2841E189-70E6-568C-8F03-D6547421C277}
{285BD015-70E6-568C-8F03-D6547421C277}
{2839D518-70E6-568C-8F03-D6547421C277}
{284510CD-70E6-568C-8F03-D6547421C277}
{285BD011-70E6-568C-8F03-D6547421C277}
{2846B7DA-70E6-568C-8F03-D6547421C277}
{283AF0BF-70E6-568C-8F03-D6547421C277}
{284A9802-70E6-568C-8F03-D6547421C277}
{285BD00D-70E6-568C-8F03-D6547421C277}
{2846B7E7-70E6-568C-8F03-D6547421C277}
{283AEEB7-70E6-568C-8F03-D6547421C277}
{28503536-70E6-568C-8F03-D6547421C277}
{285BD009-70E6-568C-8F03-D6547421C277}
{2846B7EF-70E6-568C-8F03-D6547421C277}
{283AEEA9-70E6-568C-8F03-D6547421C277}
{2858A250-70E6-568C-8F03-D6547421C277}
{285A55F8-70E6-568C-8F03-D6547421C277}
{283F0D97-70E6-568C-8F03-D6547421C277}
{2858A24C-70E6-568C-8F03-D6547421C277}
{285B5666-70E6-568C-8F03-D6547421C277}
{285A55F2-70E6-568C-8F03-D6547421C277}
{2840F24F-70E6-568C-8F03-D6547421C277}
{285D2027-70E6-568C-8F03-D6547421C277}
{285B68F3-70E6-568C-8F03-D6547421C277}
{285A55EE-70E6-568C-8F03-D6547421C277}
{2846BAF5-70E6-568C-8F03-D6547421C277}
{285D1C7F-70E6-568C-8F03-D6547421C277}
{285CE9BC-70E6-568C-8F03-D6547421C277}
{286201EC-70E6-568C-8F03-D6547421C277}
{2846BAF2-70E6-568C-8F03-D6547421C277}
{2861CD3A-70E6-568C-8F03-D6547421C277}
{286201B9-70E6-568C-8F03-D6547421C277}
{284B513B-70E6-568C-8F03-D6547421C277}
{2869FCC3-70E6-568C-8F03-D6547421C277}
{286201A9-70E6-568C-8F03-D6547421C277}
{284B4494-70E6-568C-8F03-D6547421C277}
{2869C3D0-70E6-568C-8F03-D6547421C277}
{2864D00F-70E6-568C-8F03-D6547421C277}
{284CD1FE-70E6-568C-8F03-D6547421C277}
{2869740C-70E6-568C-8F03-D6547421C277}
{2864D00B-70E6-568C-8F03-D6547421C277}
{286B5250-70E6-568C-8F03-D6547421C277}
{284ED635-70E6-568C-8F03-D6547421C277}
{2864D007-70E6-568C-8F03-D6547421C277}
{286973FF-70E6-568C-8F03-D6547421C277}
{28501F43-70E6-568C-8F03-D6547421C277}
{286A6B23-70E6-568C-8F03-D6547421C277}
{286973FB-70E6-568C-8F03-D6547421C277}
{28501F3F-70E6-568C-8F03-D6547421C277}
{286A6B16-70E6-568C-8F03-D6547421C277}
{286973F8-70E6-568C-8F03-D6547421C277}
{284EEDBE-70E6-568C-8F03-D6547421C277}
{286A719D-70E6-568C-8F03-D6547421C277}
{286C9196-70E6-568C-8F03-D6547421C277}
{28500520-70E6-568C-8F03-D6547421C277}
{286A05EA-70E6-568C-8F03-D6547421C277}
{286C9192-70E6-568C-8F03-D6547421C277}
{28500519-70E6-568C-8F03-D6547421C277}
{2868584C-70E6-568C-8F03-D6547421C277}
{28500513-70E6-568C-8F03-D6547421C277}
{28500510-70E6-568C-8F03-D6547421C277}
{285004FF-70E6-568C-8F03-D6547421C277}
{285004F9-70E6-568C-8F03-D6547421C277}
{285004F6-70E6-568C-8F03-D6547421C277}
{283415D2-70E6-568C-8F03-D6547421C277}
{285004EB-70E6-568C-8F03-D6547421C277}
{2837BBC1-70E6-568C-8F03-D6547421C277}
{285004EE-70E6-568C-8F03-D6547421C277}
{2837BBBD-70E6-568C-8F03-D6547421C277}
{285004E8-70E6-568C-8F03-D6547421C277}
{2837BBB9-70E6-568C-8F03-D6547421C277}
{285004C1-70E6-568C-8F03-D6547421C277}
{2839D506-70E6-568C-8F03-D6547421C277}
{285004BE-70E6-568C-8F03-D6547421C277}
{286CF6CC-70E6-568C-8F03-D6547421C277}
{283C4DF9-70E6-568C-8F03-D6547421C277}
{285004CC-70E6-568C-8F03-D6547421C277}
{286CF6C8-70E6-568C-8F03-D6547421C277}
{283C4DF6-70E6-568C-8F03-D6547421C277}
{285004BB-70E6-568C-8F03-D6547421C277}
{2840C83A-70E6-568C-8F03-D6547421C277}
{285004B7-70E6-568C-8F03-D6547421C277}
{2858B04C-70E6-568C-8F03-D6547421C277}
{285004B4-70E6-568C-8F03-D6547421C277}
{285B6182-70E6-568C-8F03-D6547421C277}
{285004B1-70E6-568C-8F03-D6547421C277}
{285ACF83-70E6-568C-8F03-D6547421C277}
{285004AE-70E6-568C-8F03-D6547421C277}
{285E0236-70E6-568C-8F03-D6547421C277}
{285004A2-70E6-568C-8F03-D6547421C277}
{285F6892-70E6-568C-8F03-D6547421C277}
{2850049F-70E6-568C-8F03-D6547421C277}
{2862200C-70E6-568C-8F03-D6547421C277}
{2850CD3D-70E6-568C-8F03-D6547421C277}
{2864D7F2-70E6-568C-8F03-D6547421C277}
{28561376-70E6-568C-8F03-D6547421C277}
{28674455-70E6-568C-8F03-D6547421C277}
{285612FE-70E6-568C-8F03-D6547421C277}
{285F357D-70E6-568C-8F03-D6547421C277}
{28598A99-70E6-568C-8F03-D6547421C277}
{285A878D-70E6-568C-8F03-D6547421C277}
{2854EDD2-70E6-568C-8F03-D6547421C277}
{2832E906-70E6-568C-8F03-D6547421C277}
{285E0C50-70E6-568C-8F03-D6547421C277}
{285F90BC-70E6-568C-8F03-D6547421C277}
{28350AF0-70E6-568C-8F03-D6547421C277}
{285D812F-70E6-568C-8F03-D6547421C277}
{283632CD-70E6-568C-8F03-D6547421C277}
{285FF042-70E6-568C-8F03-D6547421C277}
{283F2838-70E6-568C-8F03-D6547421C277}
{285EC706-70E6-568C-8F03-D6547421C277}
{28625142-70E6-568C-8F03-D6547421C277}
{283F282B-70E6-568C-8F03-D6547421C277}
{2862466E-70E6-568C-8F03-D6547421C277}
{283F281F-70E6-568C-8F03-D6547421C277}
{286727A3-70E6-568C-8F03-D6547421C277}
{283F281B-70E6-568C-8F03-D6547421C277}
{286A3C56-70E6-568C-8F03-D6547421C277}
{283F280F-70E6-568C-8F03-D6547421C277}
{286BFED7-70E6-568C-8F03-D6547421C277}
{286D57C7-70E6-568C-8F03-D6547421C277}
{283DE906-70E6-568C-8F03-D6547421C277}
{286BFEE2-70E6-568C-8F03-D6547421C277}
{284C5886-70E6-568C-8F03-D6547421C277}
{285001FE-70E6-568C-8F03-D6547421C277}
{285001E6-70E6-568C-8F03-D6547421C277}
{2855EF6A-70E6-568C-8F03-D6547421C277}
{28553494-70E6-568C-8F03-D6547421C277}
{28552010-70E6-568C-8F03-D6547421C277}
{286BE9B3-70E6-568C-8F03-D6547421C277}
{282CCE09-70E6-568C-8F03-D6547421C277}
{28551FFC-70E6-568C-8F03-D6547421C277}
{286D0595-70E6-568C-8F03-D6547421C277}
{2867FB18-70E6-568C-8F03-D6547421C277}
{282CCE05-70E6-568C-8F03-D6547421C277}
{28551FF7-70E6-568C-8F03-D6547421C277}
{286D0675-70E6-568C-8F03-D6547421C277}
{2867FB1C-70E6-568C-8F03-D6547421C277}
{282CCE01-70E6-568C-8F03-D6547421C277}
{28551FF3-70E6-568C-8F03-D6547421C277}
{283A543A-70E6-568C-8F03-D6547421C277}
{282F0574-70E6-568C-8F03-D6547421C277}
{28550F50-70E6-568C-8F03-D6547421C277}
{28368C26-70E6-568C-8F03-D6547421C277}
{2830556E-70E6-568C-8F03-D6547421C277}
{28550F40-70E6-568C-8F03-D6547421C277}
{283128F8-70E6-568C-8F03-D6547421C277}
{28550F3C-70E6-568C-8F03-D6547421C277}
{283128F4-70E6-568C-8F03-D6547421C277}
{28550F36-70E6-568C-8F03-D6547421C277}
{2837681E-70E6-568C-8F03-D6547421C277}
{28550F32-70E6-568C-8F03-D6547421C277}
{283BAF73-70E6-568C-8F03-D6547421C277}
{28550F2D-70E6-568C-8F03-D6547421C277}
{28665E0B-70E6-568C-8F03-D6547421C277}
{283BC7CD-70E6-568C-8F03-D6547421C277}
{28550F29-70E6-568C-8F03-D6547421C277}
{28665E0F-70E6-568C-8F03-D6547421C277}
{283BC7C9-70E6-568C-8F03-D6547421C277}
{28550F24-70E6-568C-8F03-D6547421C277}
{28665E13-70E6-568C-8F03-D6547421C277}
{283BC7C2-70E6-568C-8F03-D6547421C277}
{285F420B-70E6-568C-8F03-D6547421C277}
{28665E17-70E6-568C-8F03-D6547421C277}
{283BC7BE-70E6-568C-8F03-D6547421C277}
{28630E6D-70E6-568C-8F03-D6547421C277}
{28665E24-70E6-568C-8F03-D6547421C277}
{283BC7BA-70E6-568C-8F03-D6547421C277}
{2867C652-70E6-568C-8F03-D6547421C277}
{28665E28-70E6-568C-8F03-D6547421C277}
{283BC7B6-70E6-568C-8F03-D6547421C277}
{286788D4-70E6-568C-8F03-D6547421C277}
{283DB634-70E6-568C-8F03-D6547421C277}
{28685447-70E6-568C-8F03-D6547421C277}
{283DB62E-70E6-568C-8F03-D6547421C277}
{28685442-70E6-568C-8F03-D6547421C277}
{2840C674-70E6-568C-8F03-D6547421C277}
{28697B96-70E6-568C-8F03-D6547421C277}
{2840A476-70E6-568C-8F03-D6547421C277}
{28697ADB-70E6-568C-8F03-D6547421C277}
{2840A461-70E6-568C-8F03-D6547421C277}
{285D49C5-70E6-568C-8F03-D6547421C277}
{2840A3FF-70E6-568C-8F03-D6547421C277}
{285D49EF-70E6-568C-8F03-D6547421C277}
{28409D45-70E6-568C-8F03-D6547421C277}
{28409C81-70E6-568C-8F03-D6547421C277}
{28409C67-70E6-568C-8F03-D6547421C277}
{282AFF31-70E6-568C-8F03-D6547421C277}
{28420C7D-70E6-568C-8F03-D6547421C277}
{282B06DA-70E6-568C-8F03-D6547421C277}
{285E9CC3-70E6-568C-8F03-D6547421C277}
{283D02B2-70E6-568C-8F03-D6547421C277}
{2834FAE8-70E6-568C-8F03-D6547421C277}
{285E9CBB-70E6-568C-8F03-D6547421C277}
{283FF3C5-70E6-568C-8F03-D6547421C277}
{285E9CB4-70E6-568C-8F03-D6547421C277}
{283FF289-70E6-568C-8F03-D6547421C277}
{285E9CAA-70E6-568C-8F03-D6547421C277}
{2842AB13-70E6-568C-8F03-D6547421C277}
{285E9CA6-70E6-568C-8F03-D6547421C277}
{28480335-70E6-568C-8F03-D6547421C277}
{285E9C9A-70E6-568C-8F03-D6547421C277}
{28481C00-70E6-568C-8F03-D6547421C277}
{285E9C8E-70E6-568C-8F03-D6547421C277}
{286EBCC5-70E6-568C-8F03-D6547421C277}
{284A1C28-70E6-568C-8F03-D6547421C277}
{285E9C88-70E6-568C-8F03-D6547421C277}
{284A1C24-70E6-568C-8F03-D6547421C277}
{286320F1-70E6-568C-8F03-D6547421C277}
{284F792C-70E6-568C-8F03-D6547421C277}
{2863CA75-70E6-568C-8F03-D6547421C277}
{284F7928-70E6-568C-8F03-D6547421C277}
{28640B3F-70E6-568C-8F03-D6547421C277}
{284FE8CA-70E6-568C-8F03-D6547421C277}
{2867DF2B-70E6-568C-8F03-D6547421C277}
{284FDDA7-70E6-568C-8F03-D6547421C277}
{2867DF1F-70E6-568C-8F03-D6547421C277}
{2853452F-70E6-568C-8F03-D6547421C277}
{2867DF0B-70E6-568C-8F03-D6547421C277}
{286242D5-70E6-568C-8F03-D6547421C277}
{2867DF06-70E6-568C-8F03-D6547421C277}
{2841D858-70E6-568C-8F03-D6547421C277}
{282AEC91-70E6-568C-8F03-D6547421C277}
{28667817-70E6-568C-8F03-D6547421C277}
{2833B73F-70E6-568C-8F03-D6547421C277}
{282CEC30-70E6-568C-8F03-D6547421C277}
{286677C4-70E6-568C-8F03-D6547421C277}
{282CEBCB-70E6-568C-8F03-D6547421C277}
{286674C4-70E6-568C-8F03-D6547421C277}
{2843D5BE-70E6-568C-8F03-D6547421C277}
{286674C0-70E6-568C-8F03-D6547421C277}
{2846C122-70E6-568C-8F03-D6547421C277}
{286674BC-70E6-568C-8F03-D6547421C277}
{2846C11E-70E6-568C-8F03-D6547421C277}
{28666D76-70E6-568C-8F03-D6547421C277}
{2846C11A-70E6-568C-8F03-D6547421C277}
{286C62EB-70E6-568C-8F03-D6547421C277}
{285390B8-70E6-568C-8F03-D6547421C277}
{285390A9-70E6-568C-8F03-D6547421C277}
{285390A2-70E6-568C-8F03-D6547421C277}
{2853909B-70E6-568C-8F03-D6547421C277}
{28383AC8-70E6-568C-8F03-D6547421C277}
{283D3C27-70E6-568C-8F03-D6547421C277}
{282CCEC2-70E6-568C-8F03-D6547421C277}
{28383ABF-70E6-568C-8F03-D6547421C277}
{283D3C1E-70E6-568C-8F03-D6547421C277}
{282CCEBA-70E6-568C-8F03-D6547421C277}
{28383ABB-70E6-568C-8F03-D6547421C277}
{2827776A-70E6-568C-8F03-D6547421C277}
{283BC8DD-70E6-568C-8F03-D6547421C277}
{283B9052-70E6-568C-8F03-D6547421C277}
{2827CBA1-70E6-568C-8F03-D6547421C277}
{283BC8CD-70E6-568C-8F03-D6547421C277}
{28461E81-70E6-568C-8F03-D6547421C277}
{283B8918-70E6-568C-8F03-D6547421C277}
{28281841-70E6-568C-8F03-D6547421C277}
{283BC8C0-70E6-568C-8F03-D6547421C277}
{283C15F5-70E6-568C-8F03-D6547421C277}
{2828215B-70E6-568C-8F03-D6547421C277}
{283BC8B6-70E6-568C-8F03-D6547421C277}
{283C15E5-70E6-568C-8F03-D6547421C277}
{282837AB-70E6-568C-8F03-D6547421C277}
{2843F22E-70E6-568C-8F03-D6547421C277}
{283C15E0-70E6-568C-8F03-D6547421C277}
{2828D605-70E6-568C-8F03-D6547421C277}
{2843F22B-70E6-568C-8F03-D6547421C277}
{283D39BB-70E6-568C-8F03-D6547421C277}
{2828ED04-70E6-568C-8F03-D6547421C277}
{2843EA60-70E6-568C-8F03-D6547421C277}
{283D3892-70E6-568C-8F03-D6547421C277}
{282917ED-70E6-568C-8F03-D6547421C277}
{2843EA5D-70E6-568C-8F03-D6547421C277}
{2845B00A-70E6-568C-8F03-D6547421C277}
{284419EF-70E6-568C-8F03-D6547421C277}
{282A3352-70E6-568C-8F03-D6547421C277}
{2846C48A-70E6-568C-8F03-D6547421C277}
{2843CB7D-70E6-568C-8F03-D6547421C277}
{282A38C6-70E6-568C-8F03-D6547421C277}
{2846BE77-70E6-568C-8F03-D6547421C277}
{2841B2A1-70E6-568C-8F03-D6547421C277}
{282AB53F-70E6-568C-8F03-D6547421C277}
{28480A7B-70E6-568C-8F03-D6547421C277}
{28454AF0-70E6-568C-8F03-D6547421C277}
{282B1381-70E6-568C-8F03-D6547421C277}
{284A1788-70E6-568C-8F03-D6547421C277}
{28454AEB-70E6-568C-8F03-D6547421C277}
{282BAF98-70E6-568C-8F03-D6547421C277}
{2846D3EB-70E6-568C-8F03-D6547421C277}
{284C519A-70E6-568C-8F03-D6547421C277}
{282BBB24-70E6-568C-8F03-D6547421C277}
{2846D3D6-70E6-568C-8F03-D6547421C277}
{284C5193-70E6-568C-8F03-D6547421C277}
{282C5B20-70E6-568C-8F03-D6547421C277}
{2846D3CE-70E6-568C-8F03-D6547421C277}
{284C517D-70E6-568C-8F03-D6547421C277}
{282C6BFA-70E6-568C-8F03-D6547421C277}
{2846D3B9-70E6-568C-8F03-D6547421C277}
{284C5175-70E6-568C-8F03-D6547421C277}
{282DDEE0-70E6-568C-8F03-D6547421C277}
{2846D3B1-70E6-568C-8F03-D6547421C277}
{2850EB9F-70E6-568C-8F03-D6547421C277}
{282DF1E4-70E6-568C-8F03-D6547421C277}
{2846D39F-70E6-568C-8F03-D6547421C277}
{286D6FBB-70E6-568C-8F03-D6547421C277}
{285B02D8-70E6-568C-8F03-D6547421C277}
{282EAE7E-70E6-568C-8F03-D6547421C277}
{2846D391-70E6-568C-8F03-D6547421C277}
{286D9F2E-70E6-568C-8F03-D6547421C277}
{282FCA45-70E6-568C-8F03-D6547421C277}
{2846D380-70E6-568C-8F03-D6547421C277}
{286D9F12-70E6-568C-8F03-D6547421C277}
{282FCAA1-70E6-568C-8F03-D6547421C277}
{2846D370-70E6-568C-8F03-D6547421C277}
{282BA596-70E6-568C-8F03-D6547421C277}
{28300EA0-70E6-568C-8F03-D6547421C277}
{2846D35E-70E6-568C-8F03-D6547421C277}
{2864342E-70E6-568C-8F03-D6547421C277}
{28305A1E-70E6-568C-8F03-D6547421C277}
{28306B39-70E6-568C-8F03-D6547421C277}
{2846D34C-70E6-568C-8F03-D6547421C277}
{2830EA4B-70E6-568C-8F03-D6547421C277}
{28327847-70E6-568C-8F03-D6547421C277}
{2846D341-70E6-568C-8F03-D6547421C277}
{28317BD4-70E6-568C-8F03-D6547421C277}
{28367C9F-70E6-568C-8F03-D6547421C277}
{2846D33B-70E6-568C-8F03-D6547421C277}
{28318C90-70E6-568C-8F03-D6547421C277}
{2839FA3D-70E6-568C-8F03-D6547421C277}
{28480A86-70E6-568C-8F03-D6547421C277}
{2831BBB6-70E6-568C-8F03-D6547421C277}
{283E8447-70E6-568C-8F03-D6547421C277}
{284FDDED-70E6-568C-8F03-D6547421C277}
{284D72C6-70E6-568C-8F03-D6547421C277}
{2832078C-70E6-568C-8F03-D6547421C277}
{28645E82-70E6-568C-8F03-D6547421C277}
{283D4CF2-70E6-568C-8F03-D6547421C277}
{284D72CC-70E6-568C-8F03-D6547421C277}
{28333612-70E6-568C-8F03-D6547421C277}
{286BA662-70E6-568C-8F03-D6547421C277}
{283D474C-70E6-568C-8F03-D6547421C277}
{284D72D4-70E6-568C-8F03-D6547421C277}
{2833480B-70E6-568C-8F03-D6547421C277}
{28483446-70E6-568C-8F03-D6547421C277}
{284E02C4-70E6-568C-8F03-D6547421C277}
{283496DD-70E6-568C-8F03-D6547421C277}
{284A7995-70E6-568C-8F03-D6547421C277}
{284E02C9-70E6-568C-8F03-D6547421C277}
{2835C067-70E6-568C-8F03-D6547421C277}
{284C386C-70E6-568C-8F03-D6547421C277}
{284FCC99-70E6-568C-8F03-D6547421C277}
{28376745-70E6-568C-8F03-D6547421C277}
{284C3868-70E6-568C-8F03-D6547421C277}
{284FCC96-70E6-568C-8F03-D6547421C277}
{2837BDDE-70E6-568C-8F03-D6547421C277}
{284C3864-70E6-568C-8F03-D6547421C277}
{28547C24-70E6-568C-8F03-D6547421C277}
{2837FF32-70E6-568C-8F03-D6547421C277}
{284C3860-70E6-568C-8F03-D6547421C277}
{28562490-70E6-568C-8F03-D6547421C277}
{283801B3-70E6-568C-8F03-D6547421C277}
{284C385C-70E6-568C-8F03-D6547421C277}
{2860FABC-70E6-568C-8F03-D6547421C277}
{283881F6-70E6-568C-8F03-D6547421C277}
{284C3858-70E6-568C-8F03-D6547421C277}
{2860626F-70E6-568C-8F03-D6547421C277}
{2838F096-70E6-568C-8F03-D6547421C277}
{284C3854-70E6-568C-8F03-D6547421C277}
{28606262-70E6-568C-8F03-D6547421C277}
{283946D5-70E6-568C-8F03-D6547421C277}
{284C3850-70E6-568C-8F03-D6547421C277}
{28606337-70E6-568C-8F03-D6547421C277}
{283946E4-70E6-568C-8F03-D6547421C277}
{284C384C-70E6-568C-8F03-D6547421C277}
{28606332-70E6-568C-8F03-D6547421C277}
{283AE052-70E6-568C-8F03-D6547421C277}
{284C3848-70E6-568C-8F03-D6547421C277}
{285FE1D6-70E6-568C-8F03-D6547421C277}
{283C1ED6-70E6-568C-8F03-D6547421C277}
{28501713-70E6-568C-8F03-D6547421C277}
{2866B040-70E6-568C-8F03-D6547421C277}
{285FE1B9-70E6-568C-8F03-D6547421C277}
{283D78C6-70E6-568C-8F03-D6547421C277}
{285016FA-70E6-568C-8F03-D6547421C277}
{285FC347-70E6-568C-8F03-D6547421C277}
{283DBC9C-70E6-568C-8F03-D6547421C277}
{285CDFDF-70E6-568C-8F03-D6547421C277}
{283DBD43-70E6-568C-8F03-D6547421C277}
{2862449F-70E6-568C-8F03-D6547421C277}
{286D4FFB-70E6-568C-8F03-D6547421C277}
{286B0D90-70E6-568C-8F03-D6547421C277}
{285ADFAB-70E6-568C-8F03-D6547421C277}
{283DBDA1-70E6-568C-8F03-D6547421C277}
{2865CDFD-70E6-568C-8F03-D6547421C277}
{282AD2B4-70E6-568C-8F03-D6547421C277}
{283F3AC4-70E6-568C-8F03-D6547421C277}
{2865CE06-70E6-568C-8F03-D6547421C277}
{282C7A1E-70E6-568C-8F03-D6547421C277}
{2840632A-70E6-568C-8F03-D6547421C277}
{2865795D-70E6-568C-8F03-D6547421C277}
{282AFA89-70E6-568C-8F03-D6547421C277}
{2840CF9A-70E6-568C-8F03-D6547421C277}
{286A8DA7-70E6-568C-8F03-D6547421C277}
{28384AB5-70E6-568C-8F03-D6547421C277}
{282C7F0B-70E6-568C-8F03-D6547421C277}
{2841BAA3-70E6-568C-8F03-D6547421C277}
{286A8D9A-70E6-568C-8F03-D6547421C277}
{28373393-70E6-568C-8F03-D6547421C277}
{282C7BFE-70E6-568C-8F03-D6547421C277}
{2844871A-70E6-568C-8F03-D6547421C277}
{286FA62F-70E6-568C-8F03-D6547421C277}
{28456E4B-70E6-568C-8F03-D6547421C277}
{283B1490-70E6-568C-8F03-D6547421C277}
{282C7F41-70E6-568C-8F03-D6547421C277}
{2828C2E0-70E6-568C-8F03-D6547421C277}
{2845A912-70E6-568C-8F03-D6547421C277}
{2830A9F2-70E6-568C-8F03-D6547421C277}
{2846E869-70E6-568C-8F03-D6547421C277}
{282E9803-70E6-568C-8F03-D6547421C277}
{284638EA-70E6-568C-8F03-D6547421C277}
{28348443-70E6-568C-8F03-D6547421C277}
{2843CF03-70E6-568C-8F03-D6547421C277}
{28363DE4-70E6-568C-8F03-D6547421C277}
{2846C00F-70E6-568C-8F03-D6547421C277}
{28376A7F-70E6-568C-8F03-D6547421C277}
{2849EA7D-70E6-568C-8F03-D6547421C277}
{28363DE9-70E6-568C-8F03-D6547421C277}
{2846FA07-70E6-568C-8F03-D6547421C277}
{283C4A77-70E6-568C-8F03-D6547421C277}
{283A9E5E-70E6-568C-8F03-D6547421C277}
{2848147D-70E6-568C-8F03-D6547421C277}
{283FFA2A-70E6-568C-8F03-D6547421C277}
{283F11E9-70E6-568C-8F03-D6547421C277}
{284BBE17-70E6-568C-8F03-D6547421C277}
{283E3DDA-70E6-568C-8F03-D6547421C277}
{2842DB6F-70E6-568C-8F03-D6547421C277}
{284BC84D-70E6-568C-8F03-D6547421C277}
{28675ED4-70E6-568C-8F03-D6547421C277}
{2842D887-70E6-568C-8F03-D6547421C277}
{28402192-70E6-568C-8F03-D6547421C277}
{284E40B1-70E6-568C-8F03-D6547421C277}
{2842D874-70E6-568C-8F03-D6547421C277}
{284A872C-70E6-568C-8F03-D6547421C277}
{284E40AD-70E6-568C-8F03-D6547421C277}
{28454034-70E6-568C-8F03-D6547421C277}
{284F81CF-70E6-568C-8F03-D6547421C277}
{284E40BD-70E6-568C-8F03-D6547421C277}
{28454029-70E6-568C-8F03-D6547421C277}
{2851369A-70E6-568C-8F03-D6547421C277}
{284E40B5-70E6-568C-8F03-D6547421C277}
{284D890E-70E6-568C-8F03-D6547421C277}
{2850EFDB-70E6-568C-8F03-D6547421C277}
{284E40B9-70E6-568C-8F03-D6547421C277}
{284D8912-70E6-568C-8F03-D6547421C277}
{2850EFBE-70E6-568C-8F03-D6547421C277}
{284E40C1-70E6-568C-8F03-D6547421C277}
{285FC00C-70E6-568C-8F03-D6547421C277}
{2850EFB2-70E6-568C-8F03-D6547421C277}
{285C893C-70E6-568C-8F03-D6547421C277}
{2850A560-70E6-568C-8F03-D6547421C277}
{285FBFF8-70E6-568C-8F03-D6547421C277}
{2850EFAE-70E6-568C-8F03-D6547421C277}
{285BD99C-70E6-568C-8F03-D6547421C277}
{28560FE8-70E6-568C-8F03-D6547421C277}
{285F6F80-70E6-568C-8F03-D6547421C277}
{2850EFA8-70E6-568C-8F03-D6547421C277}
{286E5FFB-70E6-568C-8F03-D6547421C277}
{2856DF7C-70E6-568C-8F03-D6547421C277}
{28651F81-70E6-568C-8F03-D6547421C277}
{2850EFA4-70E6-568C-8F03-D6547421C277}
{2859017D-70E6-568C-8F03-D6547421C277}
{28651F79-70E6-568C-8F03-D6547421C277}
{2850EFA0-70E6-568C-8F03-D6547421C277}
{285A423D-70E6-568C-8F03-D6547421C277}
{2864A12E-70E6-568C-8F03-D6547421C277}
{2850EF9C-70E6-568C-8F03-D6547421C277}
{285D3977-70E6-568C-8F03-D6547421C277}
{286A7DFB-70E6-568C-8F03-D6547421C277}
{2850EF63-70E6-568C-8F03-D6547421C277}
{285F0333-70E6-568C-8F03-D6547421C277}
{2869505F-70E6-568C-8F03-D6547421C277}
{2850EF57-70E6-568C-8F03-D6547421C277}
{28606A23-70E6-568C-8F03-D6547421C277}
{286E925D-70E6-568C-8F03-D6547421C277}
{2850EF53-70E6-568C-8F03-D6547421C277}
{28611E4A-70E6-568C-8F03-D6547421C277}
{282A4867-70E6-568C-8F03-D6547421C277}
{2850EF4A-70E6-568C-8F03-D6547421C277}
{28629165-70E6-568C-8F03-D6547421C277}
{28504E83-70E6-568C-8F03-D6547421C277}
{282AD2EB-70E6-568C-8F03-D6547421C277}
{2850EF43-70E6-568C-8F03-D6547421C277}
{2863D359-70E6-568C-8F03-D6547421C277}
{28305A13-70E6-568C-8F03-D6547421C277}
{2850EF3C-70E6-568C-8F03-D6547421C277}
{28644943-70E6-568C-8F03-D6547421C277}
{2834852A-70E6-568C-8F03-D6547421C277}
{2850EF34-70E6-568C-8F03-D6547421C277}
{2865388A-70E6-568C-8F03-D6547421C277}
{2836C39D-70E6-568C-8F03-D6547421C277}
{2850EF2C-70E6-568C-8F03-D6547421C277}
{286612C2-70E6-568C-8F03-D6547421C277}
{283AF8E1-70E6-568C-8F03-D6547421C277}
{2850EF24-70E6-568C-8F03-D6547421C277}
{283D6237-70E6-568C-8F03-D6547421C277}
{2850EF1C-70E6-568C-8F03-D6547421C277}
{283D61F5-70E6-568C-8F03-D6547421C277}
{2850EF03-70E6-568C-8F03-D6547421C277}
{28675ED8-70E6-568C-8F03-D6547421C277}
{2845B723-70E6-568C-8F03-D6547421C277}
{2850EEFF-70E6-568C-8F03-D6547421C277}
{2845B706-70E6-568C-8F03-D6547421C277}
{2850EEF7-70E6-568C-8F03-D6547421C277}
{285843E5-70E6-568C-8F03-D6547421C277}
{2850EEEF-70E6-568C-8F03-D6547421C277}
{285F797E-70E6-568C-8F03-D6547421C277}
{2850EEE7-70E6-568C-8F03-D6547421C277}
{2850EED8-70E6-568C-8F03-D6547421C277}
{2850EECC-70E6-568C-8F03-D6547421C277}
{2850EEC6-70E6-568C-8F03-D6547421C277}
{2850EEBE-70E6-568C-8F03-D6547421C277}
{2850EEB6-70E6-568C-8F03-D6547421C277}
{2850EEAE-70E6-568C-8F03-D6547421C277}
{2850EEA6-70E6-568C-8F03-D6547421C277}