22001308575
22001308753
22001310031
22001310211
22001310266
22001310536
22001310537
22001310602
22001310734
22001310735
22001310736
22001310737
22001310741
22001310826
22001310827
22001310828
22001310839
22001311361
22001311426
22001312053
22001312054
22001312258
22001312260
22001313647
22001313943
22001313979
22001314334
22001314465
22001314576
22001314577
22001314578
22001314587
22001314996
22001316248
22001316852
22001316870
22001316872
22001317197
22001317286
22001317287
22001318614
22001319211
22001319212
22001319213
22001319214
22001319215
22001319277
22001319328
22001319341
22001321757
22001322115
22001322116
22001322117
22001322118
22001322119
22001322120
22001322122
22001322123
22001322124
22001322125
22001322126
22001322127
22001322380
22001322401
22001322544
22001322545
22001323508
22001323614
22001324041
22001324442
22001324722
22001324860
22001324969
22001325083
22001325084
22001325117
22001325162
22001325508
22001325747
22001325748
22001325749
22001325750
22001325751
22001325864
22001325991
22001325992
22001325993
22001326253
22001326954
22001327558
22001327560
22001329248
22001329299
22001331255
22001331463
22001333966
22101787901
22101787902
22101787903
22101787904
22101787905
22101787908
22101787926
22101787927
22101787928
22101787929
22101788271
22101788639
22101788879
22101788894
22101788895
22101788896
22101788952
22101789497
22101790483
22101790484
22101790880
22101790934
22101791281
22101791626
22101791637
22101791638
22101791732
22101791971
22101791973
22101791975
22101791976
22101791979
22101791981
22101791982
22101791984
22101791985
22101791986
22101791993
22101791994
22101791995
22101791996
22101791997
22101791998
22101791999
22101792000
22101792001
22101792002
22101792147
22101793279
22101793304
22101793564
22101793868
22101794255
22101794317
22101794567
22101794629
22101795026
22101795503
22101795658
22101795821
22101796045
22101796048
22101797250
22101797278
22101797280
22101797282
22101799404
22202592561
22202592562
22202592563
22202592857
22202593075
22202593421
22202593422
22202594792
22202595597
22202595865
22202595866
22202595867
22202595868
22202595869
22202595870
22202596296
22202596297
22202597053
22202597169
22202597170
22202597188
22202597189
22202597228
22202597229
22202597748
22202603605
22202603606
22202603607
22202603608
22202603609
22202603610
22202603611
22202603612
22202604354
22202604931
22202605172
22202605591
22202605592
22202605593
22202605594
22202605797
22202605837
22202605980
22202605981
22202605982
22202606072
22202606472
22202608047
22202608285
22202609755
22302230020
22302230021
22302230022
22302230159
22302230191
22302230327
22302230328
22302230329
22302230845
22302230889
22302231833
22302231881
22302231939
22302233029
22302233030
22302233195
22302233196
22302233197
22302233198
22302233199
22302233200
22302233201
22302233202
22302233203
22302233204
22302233205
22302233206
22302233207
22302234012
22302234269
22302234271
22302234274
22302234744
22302234745
22302234927
22302234928
22302236170
22302237519
22302238814
22302238969
22302238970
22302239015
22302239017
22302239811
22302239816
22302239820
22302239884
22302240481
22302240482
22302240718
22302240899
22302240900
22302242272
22402049898
22402050569
22402051270
22402051271
22402052061
22402053106
22402054102
22402054152
22402054156
22402054297
22402054298
22402054926
22402054927
22402058095
22402058097
22402058146
22402058798
22402058799
22402058899
22402059433
22402059887
22402060789
22502236690
22502237041
22502237790
22502238693
22502238733
22502240206
22502240542
22502240544
22502242214
22502242222
22502245446
22502246727
22502247452
22502247540
22502247935
22502247947
22502248115
22502248589
22502249445
22502249446
22502249679
22502250124
22502250127
22502250227
22602349057
22602350470
22602350474
22602351377
22602351599
22602351602
22602351997
22602352303
22602352459
22602352746
22602352747
22602354075
22602355099
22602358476
22602358477
22602358478
22602358479
22602358480
22602358481
22602358482
22602358483
22602358588
22602358669
22602362715
22702559631
22702560805
22702560806
22702560960
22702562150
22702562680
22702564429
22702564430
22702564435
22702566011
22702566013
22702566014
22702566016
22702566053
22702566054
22702566055
22702566056
22702566057
22702566058
22702567964
22702568327
22702568328
22702568739
22702568786
22702568805
22702568919
22702570193
22702570238
22702570349
22702570409
22702572009
22702578198
22802464721
22802465128
22802465144
22802465769
22802465771
22802465791
22802469606
22802469988
22802471041
22802471228
22802472668
22802480275
22802480276
22802482669
22802485204
22902620209
22902622184
22902623160
22902623419
22902623420
22902623421
22902623422
22902623423
22902624581
22902625862
22902629207
22902629208
22902629430
22902629631
22902629632
22902632896
22902632897
22902632898
22902632899
22902632900
22902632901
22902632902
22902632903
22902632904
22902632905
22902633694
22902633695
22902633696
22902634408
22902635198
22902637658
22902637755
22902638067
22902638068
22902638069
22902638070
22902639081
22902639082
22902639193
22902639613
22902639756
22902639963
23002184271
23002184860
23002184861
23002184862
23002184965
23002185490
23002185491
23002186722
23002190453
23002191010
23002191242
23002191635
23002192416
23002193211
23002193776
23002194850
23002196651
23002198081
23102005075
23102005290
23102005656
23102007768
23102007769
23102007770
23102007771
23102007772
23102007821
23102009923
23102010334
23102010336
23102011464
23102011642
23102011689
23102011692
23102011693
23102011694
23102011695
23102011696
23102011697
23102011698
23102011699
23102011700
23102011701
23102011702
23102013398
23102014449
23102015906
23102016289
23102017252
23102017253
23102017276
23102017347
23102019475
23102019806
23102022117
23102023539
23202258871
23202258935
23202262127
23202263495
23202263496
23202264898
23202266690
23202266784
23202267320
23202267321
23202268403
23202268404
23202268668
23202268670
23202270358
23202273110
23302034372
23302034822
23302034848
23302039556
23302040692
23302040693
23302040694
23302042034
23302042035
23302042036
23302042037
23402040925
23402040926
23402044230
23402044231
23402044232
23402044233
23402045828
23402045829
23402045832
23402045833
23402047121
23402047146
23402047659
23402047741
23402048242
23402048243
23402048244
23402048245
23402049268
23402051591
23402054324
23402054325
23501973639
23501974268
23501975215
23501975987
23501977804
23501978681
23501978770
23501978834
23501980074
23501981212
23501981616
23501981617
23501981618
23501981619
23501981620
23501981621
23501981622
23501981623
23501981624
23501981625
23501983088
23501983089
23501984551
23501984795
23601771517
23601771754
23601771796
23601771953
23601771958
23601771963
23601772863
23601772884
23601774120
23601775300
23601776025
23601776429
23601776731
23601779333
23601780280
23601781066
23601781423
23601781428
23601781429
23601781430
23601781431
23601781432
23601781433
23601781434
23601781436
23601781437
23601781438
23601781439
23601781440
23601781441
23601781442
23601781443
23601781444
23601781446
23601781447
23601781448
23601781449
23601781450
23601781451
23601781452
23601781453
23601781454
23601781455
23601781456
23601781457
23601781458
23601781459
23601781460
23601782044
23601784046
23601784254
23601787275
23601789395
23601789844
23601789907
23700800216
23700800220
23700801100
23700801508
23700801695
23700801698
23700801715
23700801716
23700801988
23700802193
23700802308
23700803047
23700803048
23700803049
23700803489
24001292291
24001292554
24001293546
24001294422
24001294477
24001294478
24001294479
24001294480
24001294481
24001294508
24001294514
24001295738
24001295749
24001295845
24001296287
24001297196
24001297197
24001297338
24001297339
24001297340
24001297618
24001297848
24001298448
24001298721
24001298722
24001298723
24001298724
24001298850
24001299311
24001299495
24001299780
24001299781
24001299782
24001299783
24001299784
24001299785
24001299980
24001299981
24001300206
24001300254
24001301287
24001301548
24001301550
24001302373
24001302960
24001302961
24001303388
24001303608
24001303609
24001303885
24001303913
24001303938
24001303939
24001303940
24001303941
24001303942
24001303943
24001303944
24001303945
24001303946
24001303947
24001306917
24001308294
24001308402
24001308486
24001308694
24001308695
24001309244
24001309687
24001309960
24001310006
24001310187
24001310205
24001310794
24001311329
24001314397
24001314516
25000067295
25000067319
25000067321
25000068084
25000068678
25000068681
25000068996
25000069006
25000069444
25000069690
25000070497
25000071214
25000071215
25000071628
25000071645
25000072467
25000072472
25000072473
25000072797
25000072798
25000072799
25000072933
25000072934
25000072963
25000073028
25000073314
25000075299
40019566686
40019567250
40019567784
40019571264
40019572107
40019574398
40019575539
40019575599
40019575624
40019576757
40019576946
40019576947
40019578546
40019578547
40019580191
40019580354
40019587191
40019587219
40019588109
40019588111
40019588324
40019588325
40019591118
40019591251
40019591741
40019592529
40019593737
40019594386
40019594705
40019594707
40019594709
40019594710
40019595734
40019596385
40019596386
40019596387
40019596720
40019598042
40019600525
40019602437
40019603807
40019604893
40019605651
40019606022
40019606023
40019606286
40019606306
40019606630
40019607043
40019607448
40019613899
40019613900
40019614663
40019616075
40019618869
40019618870
40019618872
40019619321
40019619372
40019619373
40019619374
40019619375
40019619376
40019619377
40019623403
40019623404
40019623796
40019624308
40019624316
40019624487
40019625363
40019625364
40019626192
40019626197
40019627322
40019627998
40019627999
40019628709
40019628710
40019628711
40019628713
40019628714
40019628715
40019628716
40019628717
40019628718
40019630202
40019630203
40019630233
40019630892
40019630893
40019630894
40019630895
40019630896
40019631712
40019631728
40019632492
40019632507
40019632508
40019632509
40019632788
40019633020
40019633972
40019633975
40019634065
40019634066
40019634067
40019634423
40019635151
40019635839
40019637156
40019637157
40019637728
40019637729
40019637730
40019637731
40019637732
40019637733
40019637734
40019637735
40019643787
40019644286
40019644969
40019645397
40019646701
40019648406
40019649285
40019649848
40019650105
40019650106
40019650107
40019650108
40019651912
40019652361
40019652362
40019652363
40019652364
40019652365
40019652366
40019652367
40019652368
40019652810
40019653014
40019653647
40019654310
40019654394
40019654395
40019654397
40019654601
40019656191
40019656192
40019656193
40019656195
40019656197
40019656800
40019657023
40019657024
40019657132
40019657145
40019658905
40019658906
40019658907
40019658908
40019660373
40019660868
40019660948
40019661068
40019661232
40019661233
40019661234
40019662894
40019662895
40019662896
40019664515
40019670814
40019671498
40019671499
40019671748
40019671750
40019672976
40019674646
40019676505
40019677513
40019678415
40019679742
40019680196
40019680197
40019680198
40019680199
40019680647
40019680937
40019680938
40019681063
40019681064
40019681304
40019682303
40019682305
40019682307
40019682308
40019683382
40019684776
40019684777
40019685214
40019686083
40019686109
40019686110
40019686111
40019686112
40019686219
40019686336
40019687591
40019688024
40019697180
40019697395
40019697580
40019697581
40019697584
40019697629
40019705320
40019705868
40019706359
40019707079
40019707080
40019707081
40019708300
40019709703
40019709704
40019710266
40019710560
40019711373
40019711374
40019711918
40019713078
40019713241
40019713671
40019714027
40019714028
40019714448
40019714449
40019715361
40019715787
40019715788
40019716754
40019716942
40019716943
40019717828
40019717829
40019717830
40019719659
40019727667
40019731127
40019731228
40019734759
40019737469
40019740423
40019741383
40019741437
40019741789
40019742317
40019742358
40019742359
40019742360
40019742417
40019742418
40019742419
40019742420
40019742421
40019742611
40019742822
40019743209
40019743213
40019743427
40019743428
40019743639
40019743851
40019744011
40019744524
40019744525
40019744678
40019744679
40019744726
40019744727
40019744749
40019744800
40019745770
40019746113
40019746120
40019746121
40019746122
40019746128
40019746137
40019746265
40019747169
40019747214
40019747257
40019747974
40019748000
40019748011
40019748012
40019748013
40019748078
40019748246
40019748361
40019749147
40019749947
40019750028
40019750623
40019750624
40019758096
40019758097
40019758155
40019758156
40019758279
40019758280
40019758281
40019758282
40019758283
40019758288
40019758289
40019758305
40019758340
40019758341
40019758347
40019758348
40019758523
40019758524
40019758673
40019758675
40019758766
40019758767
40019758879
40019758950
40019758952
40019759188
40019759189
40019759328
40019759446
40019759447
40019760140
40019760759
40019761132
40019761133
40019761694
40019761696
40019761949
40019761950
40019762903
40019762904
40019762940
40019763624
40019763738
40019763970
40019764170
40019764242
40019764243
40019764271
40019764606
40019764607
40019764650
40019764826
40019764827
40019764828
40019767371
40019767555
40019768177
40019769013
40019769194
40019769196
40019769241
40019769242
40019769703
40019769704
40019769705
40019769707
40019769708
40019770263
40019770807
40019770808
40019770819
40019770907
40019770910
40019771800
40019772123
40019772839
40019773529
40019774175
40019774178
40019774179
40019774682
40019774683
40019775056
40019775057
40019775160
70002819784
70002820046
70002820372
70002820485
70002820625
70002820967
70002821026
70002821098
70002822158
70002822232
70002822696
70002823090
70002823792
70002823828
70002824500
70002824541
70002825836
70002826004
70002826751
70002827944
70002827945
70002828240
70002828513
70002828998
70002829771
70002829840
70002830249
70002830587
70002831699
70002831783
70002833096
70002834698
70002836514
70002836931
70002837320
70002837338
70002837911
70002838339
70002838428
70002838429
70002840059
70002841465
70002842573
70002843003
70002843019
70002843027
70002844259
70002845351
70002845671
70002846372
70002849352
70002849935
70002850072
70002850448
70002850797
70002851036
70002852028
70002855044
70002855087
70002857331
70002857332
70002857333
70002857334
70002857335
70002857336
70002859114
70002863734
70002864229
70002866070
70002867254
70002869696
70002871066
70002872419
70002872846
70002874052
70002875143
70002875466
70002876092
70002876777
70002878625
70002879245
70002879249
70002880509
70002880741
70002883564
70002883694
70002883741
70002884208
70002884232
70002884353
70002884461
70002884875
70002884894
70002884906
70002884982
70002885017
70002885187
70002885226
70002885252
70002889716
70002889720
70002889724
70002889725