11229530
11229792
11232809
11231507
11230004
11230005
11230006
11230007
11229940
11230394
11230395
11230396
11235639
11239331
11237186
11235195
11236119
11236295
11236296
11236297
11235028
11239239
11251567
11251464
11246947
11246948
11253613
11251647
11254622
11229660
11229655
11229638
11229618
11229573
11230062
11234737
11234763
11234768
11234773
11236691
11232309
11237391
11244515
11246378
11249709
11256245
11256246
11237938
11235193
11253181
11253182
11253183
11253184
11253185
11253186
11248862
11248861
11238355
11242591
11242592
11242593
11239090
11250847
11240165
11252574
11255392
11255418
11227857
11239373
11241186
11253113
11236489
11237547
11233832
11245464
11236838
11233089
11251960
11251167
11245498
11232382
11234852
11240604
11246774
11227465
11233685
11233686
11237084
11246933
11236684
11237109
11243683
11243589
11243684
11243590
11249708
11249715
11249711
11249714
11249712
11249713
11252275
11245252
11246685
11256222
11254335
11227125
11227111
11228469
11228470
11244866
11241646
11243000
11226930
11230216
11232176
11243259
11243260
11243262
11243261
11243263
11234535
11245777
11245883
11245812
11252715
11241772
11241773
11248110
11248133
11242237
11242238
11242239
11240104
11250811
11253337
11247392
11233815
11253375
11253376
11252331
11234696
11247276
11251581
11231161
11241132
11234624
11234623
11246119
11246120
11246121
11246122
11252468
11245548
11255822
11248788
11254079
11256886
11240012
11254338
11235850
11235851
11235852
11230439
11240326
11239869
11245839
11240521
11240523
11242016
11245068
11236495
11248873
11250651
11240496
11241204
11241210
11244062
11243416
11251848
11250925
11250519
11228523
11242169
11237837
11238657
11238715
11247011
11225295
11225388
11225505
11226112
11226279
11226739
11226914
11226930
11226941
11227111
11227125
11227125
11227465
11227465
11227857
11227903
11228412
11228414
11228469
11228470
11228523
11228523
11229166
11229203
11229349
11229530
11229792
11229940
11230004
11230005
11230006
11230007
11230216
11230394
11230395
11230396
11230439
11230650
11231161
11231507
11231742
11231925
11232102
11232176
11232176
11232230
11232238
11232309
11232382
11232493
11232656
11232657
11232809
11233089
11233685
11233685
11233686
11233815
11233832
11233832
11233832
11233832
11233832
11233832
11234623
11234624
11234696
11234826
11234828
11234852
11235028
11235028
11235193
11235195
11235501
11235639
11235639
11235850
11235850
11235850
11235851
11235851
11235851
11235852
11235852
11235852
11236119
11236119
11236131
11236295
11236296
11236297
11236297
11236297
11236489
11236495
11236684
11236691
11236691
11236691
11236775
11236838
11237084
11237084
11237109
11237109
11237109
11237186
11237391
11237547
11237837
11237837
11237938
11237938
11237938
11237938
11237938
11237938
11237938
11237938
11238107
11238214
11238355
11238450
11238715
11239090
11239239
11239331
11239373
11239373
11239373
11239373
11239869
11240012
11240012
11240012
11240012
11240012
11240012
11240012
11240012
11240104
11240165
11240326
11240496
11240521
11240521
11240523
11240604
11241006
11241006
11241006
11241006
11241006
11241132
11241186
11241186
11241204
11241210
11241646
11241646
11241646
11241646
11242016
11242169
11242178
11242209
11242237
11242238
11242239
11242591
11242592
11242593
11243000
11243416
11243589
11243590
11243683
11243684
11244062
11244515
11244866
11245068
11245252
11245548
11245655
11245655
11245655
11245655
11245777
11245812
11245812
11245839
11245839
11245883
11246119
11246120
11246121
11246122
11246378
11246685
11246685
11246774
11246933
11246947
11246947
11246947
11246948
11246977
11247011
11247276
11247392
11248788
11248825
11248861
11248861
11248862
11248873
11250519
11250651
11250811
11250925
11250925
11250925
11251167
11251464
11251464
11251581
11251647
11251848
11251848
11251960
11252275
11252331
11252468
11252574
11252574
11252715
11252715
11252983
11253113
11253113
11253337
11253375
11253376
11253613
11253613
11253613
11254079
11254622
11255392
11255418
11256222
11256886
11257693
11225295
11225388
11225505
11245655
11244056
11226112
11226279
11226739
11226914
11226941
11227903
11228412
11228414
11229166
11229203
11229349
11231742
11230650
11250434
11231925
11232102
11232230
11232238
11232493
11232656
11232657
11234826
11234828
11235501
11236775
11236131
11242209
11238107
11238214
11238450
11241006
11242178
11246977
11248825
11252983
11257693
