2022-12-09 12:34:20,843  INFO [main] - Start submitting 10 batches
2022-12-09 12:34:22,281  INFO [pool-1-thread-1] - waiting,annotConvert_006/batch_aa,Thu Oct 06 09:00:00 CST 2022
2022-12-09 12:34:22,281  INFO [pool-1-thread-1] - starting,annotConvert_006/batch_aa
2022-12-09 12:34:22,546  INFO [pool-1-thread-2] - waiting,annotConvert_006/batch_ab,Thu Oct 06 09:00:00 CST 2022
2022-12-09 12:34:22,546  INFO [pool-1-thread-2] - starting,annotConvert_006/batch_ab
2022-12-09 12:34:22,843  INFO [pool-1-thread-3] - waiting,annotConvert_006/batch_ac,Thu Oct 06 09:00:00 CST 2022
2022-12-09 12:34:22,843  INFO [pool-1-thread-3] - starting,annotConvert_006/batch_ac
2022-12-09 12:34:22,964  INFO [pool-1-thread-4] - waiting,annotConvert_006/batch_ad,Thu Oct 06 09:00:00 CST 2022
2022-12-09 12:34:22,964  INFO [pool-1-thread-4] - starting,annotConvert_006/batch_ad
2022-12-09 12:34:23,141  INFO [pool-1-thread-5] - waiting,annotConvert_006/batch_ae,Thu Oct 06 09:00:00 CST 2022
2022-12-09 12:34:23,141  INFO [pool-1-thread-5] - starting,annotConvert_006/batch_ae
2022-12-09 12:34:23,447  INFO [pool-1-thread-6] - waiting,annotConvert_006/batch_af,Thu Oct 06 09:00:00 CST 2022
2022-12-09 12:34:23,448  INFO [pool-1-thread-6] - starting,annotConvert_006/batch_af
2022-12-09 12:34:23,577  INFO [pool-1-thread-7] - waiting,annotConvert_006/batch_ag,Thu Oct 06 09:00:00 CST 2022
2022-12-09 12:34:23,577  INFO [pool-1-thread-7] - starting,annotConvert_006/batch_ag
2022-12-09 12:34:23,879  INFO [pool-1-thread-8] - waiting,annotConvert_006/batch_ah,Thu Oct 06 09:00:00 CST 2022
2022-12-09 12:34:23,879  INFO [pool-1-thread-8] - starting,annotConvert_006/batch_ah
2022-12-09 12:34:24,437  INFO [pool-1-thread-9] - waiting,annotConvert_006/batch_ai,Thu Oct 06 09:00:00 CST 2022
2022-12-09 12:34:24,437  INFO [pool-1-thread-9] - starting,annotConvert_006/batch_ai
2022-12-09 12:34:24,615  INFO [pool-1-thread-10] - waiting,annotConvert_006/batch_aj,Thu Oct 06 09:00:00 CST 2022
2022-12-09 12:34:24,615  INFO [pool-1-thread-10] - starting,annotConvert_006/batch_aj
2022-12-09 12:44:59,583  INFO [pool-1-thread-10] - finished,annotConvert_006/batch_aj
2022-12-09 12:51:23,934  INFO [pool-1-thread-4] - finished,annotConvert_006/batch_ad
2022-12-09 12:51:51,537  INFO [pool-1-thread-6] - finished,annotConvert_006/batch_af
2022-12-09 12:51:51,629  INFO [pool-1-thread-1] - finished,annotConvert_006/batch_aa
2022-12-09 12:52:00,012  INFO [pool-1-thread-8] - finished,annotConvert_006/batch_ah
2022-12-09 12:52:05,639  INFO [pool-1-thread-7] - finished,annotConvert_006/batch_ag
2022-12-09 12:52:12,485  INFO [pool-1-thread-2] - finished,annotConvert_006/batch_ab
2022-12-09 12:52:16,369  INFO [pool-1-thread-5] - finished,annotConvert_006/batch_ae
2022-12-09 12:52:19,074  INFO [pool-1-thread-9] - finished,annotConvert_006/batch_ai
2022-12-09 12:52:19,563  INFO [pool-1-thread-3] - finished,annotConvert_006/batch_ac
2022-12-09 12:52:19,563  INFO [main] - All batches finished
