2022-10-18 10:59:29,139  INFO [main] - Start submitting 2 batches
2022-10-18 10:59:30,670  INFO [pool-1-thread-1] - waiting,annotConvert_001/batch_aa,Thu Oct 06 09:00:00 CST 2022
2022-10-18 10:59:30,671  INFO [pool-1-thread-1] - starting,annotConvert_001/batch_aa
2022-10-18 10:59:30,746  INFO [pool-1-thread-1] - clear replication group of document - IS412_FileNet 0000101006
2022-10-18 10:59:31,042  INFO [pool-1-thread-2] - waiting,annotConvert_001/batch_ab,Thu Oct 06 09:00:00 CST 2022
2022-10-18 10:59:31,043  INFO [pool-1-thread-2] - starting,annotConvert_001/batch_ab
2022-10-18 10:59:31,145  INFO [pool-1-thread-2] - finished,annotConvert_001/batch_ab
2022-10-18 10:59:31,259  INFO [pool-1-thread-1] - finished,annotConvert_001/batch_aa
2022-10-18 10:59:31,259  INFO [main] - All batches finished
2022-10-18 14:01:45,552  INFO [main] - Start submitting 2 batches
2022-10-18 14:01:47,171  INFO [pool-1-thread-1] - waiting,annotConvert_001/batch_aa,Thu Oct 06 09:00:00 CST 2022
2022-10-18 14:01:47,171  INFO [pool-1-thread-1] - starting,annotConvert_001/batch_aa
2022-10-18 14:01:47,231  INFO [pool-1-thread-1] - clear replication group of document - IS412_FileNet 0000101006
2022-10-18 14:01:47,513  INFO [pool-1-thread-2] - waiting,annotConvert_001/batch_ab,Thu Oct 06 09:00:00 CST 2022
2022-10-18 14:01:47,513  INFO [pool-1-thread-2] - starting,annotConvert_001/batch_ab
2022-10-18 14:01:47,619  INFO [pool-1-thread-2] - finished,annotConvert_001/batch_ab
2022-10-18 14:01:47,651  INFO [pool-1-thread-1] - finished,annotConvert_001/batch_aa
2022-10-18 14:01:47,651  INFO [main] - All batches finished
2022-10-18 14:15:27,447  INFO [main] - Start submitting 2 batches
2022-10-18 14:15:28,888  INFO [pool-1-thread-1] - waiting,annotConvert_001/batch_aa,Thu Oct 06 09:00:00 CST 2022
2022-10-18 14:15:28,888  INFO [pool-1-thread-1] - starting,annotConvert_001/batch_aa
2022-10-18 14:15:29,199  INFO [pool-1-thread-1] - finished,annotConvert_001/batch_aa
2022-10-18 14:15:29,252  INFO [pool-1-thread-1] - waiting,annotConvert_001/batch_ab,Thu Oct 06 09:00:00 CST 2022
2022-10-18 14:15:29,252  INFO [pool-1-thread-1] - starting,annotConvert_001/batch_ab
2022-10-18 14:15:29,387  INFO [pool-1-thread-1] - finished,annotConvert_001/batch_ab
2022-10-18 14:15:29,387  INFO [main] - All batches finished
2022-10-18 14:16:28,544  INFO [main] - Start submitting 2 batches
2022-10-18 14:16:30,011  INFO [pool-1-thread-1] - waiting,annotConvert_001/batch_aa,Thu Oct 06 09:00:00 CST 2022
2022-10-18 14:16:30,011  INFO [pool-1-thread-1] - starting,annotConvert_001/batch_aa
2022-10-18 14:16:30,336  INFO [pool-1-thread-1] - finished,annotConvert_001/batch_aa
2022-10-18 14:16:30,362  INFO [pool-1-thread-1] - waiting,annotConvert_001/batch_ab,Thu Oct 06 09:00:00 CST 2022
2022-10-18 14:16:30,362  INFO [pool-1-thread-1] - starting,annotConvert_001/batch_ab
2022-10-18 14:16:30,444  INFO [pool-1-thread-1] - finished,annotConvert_001/batch_ab
2022-10-18 14:16:30,444  INFO [main] - All batches finished
