2023-01-10 10:48:37,167  INFO [main] - Connected to P8 Domain ICRIS_PROD
2023-01-10 10:48:37,168  INFO [main] - Connected to : ICRIS_PROD;OS
2023-01-10 10:48:37,186  INFO [main] - Start submitting 10 batches
2023-01-10 10:48:39,563  INFO [pool-1-thread-1] - waiting,annotConvert_007/xaaa,Thu Oct 06 09:00:00 CST 2022
2023-01-10 10:48:39,563  INFO [pool-1-thread-1] - starting,annotConvert_007/xaaa
2023-01-10 10:48:42,755  INFO [pool-1-thread-2] - waiting,annotConvert_007/xaab,Thu Oct 06 09:00:00 CST 2022
2023-01-10 10:48:42,755  INFO [pool-1-thread-2] - starting,annotConvert_007/xaab
2023-01-10 10:48:45,581  INFO [pool-1-thread-3] - waiting,annotConvert_007/xaac,Thu Oct 06 09:00:00 CST 2022
2023-01-10 10:48:45,581  INFO [pool-1-thread-3] - starting,annotConvert_007/xaac
2023-01-10 10:48:48,883  INFO [pool-1-thread-4] - waiting,annotConvert_007/xaad,Thu Oct 06 09:00:00 CST 2022
2023-01-10 10:48:48,883  INFO [pool-1-thread-4] - starting,annotConvert_007/xaad
2023-01-10 10:48:52,074  INFO [pool-1-thread-5] - waiting,annotConvert_007/xaae,Thu Oct 06 09:00:00 CST 2022
2023-01-10 10:48:52,074  INFO [pool-1-thread-5] - starting,annotConvert_007/xaae
2023-01-10 10:48:55,224  INFO [pool-1-thread-6] - waiting,annotConvert_007/xaaf,Thu Oct 06 09:00:00 CST 2022
2023-01-10 10:48:55,224  INFO [pool-1-thread-6] - starting,annotConvert_007/xaaf
2023-01-10 10:48:59,317  INFO [pool-1-thread-7] - waiting,annotConvert_007/xaag,Thu Oct 06 09:00:00 CST 2022
2023-01-10 10:48:59,317  INFO [pool-1-thread-7] - starting,annotConvert_007/xaag
2023-01-10 10:49:03,214  INFO [pool-1-thread-8] - waiting,annotConvert_007/xaah,Thu Oct 06 09:00:00 CST 2022
2023-01-10 10:49:03,214  INFO [pool-1-thread-8] - starting,annotConvert_007/xaah
2023-01-10 10:49:07,296  INFO [pool-1-thread-9] - waiting,annotConvert_007/xaai,Thu Oct 06 09:00:00 CST 2022
2023-01-10 10:49:07,296  INFO [pool-1-thread-9] - starting,annotConvert_007/xaai
2023-01-10 10:49:12,068  INFO [pool-1-thread-10] - waiting,annotConvert_007/xaaj,Thu Oct 06 09:00:00 CST 2022
2023-01-10 10:49:12,068  INFO [pool-1-thread-10] - starting,annotConvert_007/xaaj
2023-01-10 10:54:00,835  INFO [pool-1-thread-9] - clear replication group of document - ICRIS PROD 0600501741
2023-01-10 10:57:00,147  INFO [pool-1-thread-9] - clear replication group of document - ICRIS PROD 0605070980
2023-01-10 10:59:24,462  INFO [pool-1-thread-9] - clear replication group of document - ICRIS PROD 0608536846
2023-01-10 10:59:34,596  INFO [pool-1-thread-9] - clear replication group of document - ICRIS PROD 0608732247
2023-01-10 10:59:34,902  INFO [pool-1-thread-9] - clear replication group of document - ICRIS PROD 0608732251
2023-01-10 10:59:36,023  INFO [pool-1-thread-9] - clear replication group of document - ICRIS PROD 0608732253
2023-01-10 11:00:10,768  INFO [pool-1-thread-9] - clear replication group of document - ICRIS PROD 0609363135
2023-01-10 11:01:37,216  INFO [pool-1-thread-9] - clear replication group of document - ICRIS PROD 0611205000
2023-01-10 11:02:06,574  INFO [pool-1-thread-9] - clear replication group of document - ICRIS PROD 0611998777
2023-01-10 11:03:28,465  INFO [pool-1-thread-9] - clear replication group of document - ICRIS PROD 0614506192
2023-01-10 11:03:34,932  INFO [pool-1-thread-9] - clear replication group of document - ICRIS PROD 0614564233
2023-01-10 11:03:41,496  INFO [pool-1-thread-9] - clear replication group of document - ICRIS PROD 0614741773
2023-01-10 11:03:42,266  INFO [pool-1-thread-9] - clear replication group of document - ICRIS PROD 0614743316
2023-01-10 11:04:45,252  INFO [pool-1-thread-9] - clear replication group of document - ICRIS PROD 0616626050
2023-01-10 11:04:58,915  INFO [pool-1-thread-9] - clear replication group of document - ICRIS PROD 0616903299
2023-01-10 11:05:35,240  INFO [pool-1-thread-9] - clear replication group of document - ICRIS PROD 0617806555
2023-01-10 11:06:03,560  INFO [pool-1-thread-9] - clear replication group of document - ICRIS PROD 0618584428
2023-01-10 11:06:32,922  INFO [pool-1-thread-9] - clear replication group of document - ICRIS PROD 0619444041
2023-01-10 11:06:40,599  INFO [pool-1-thread-9] - clear replication group of document - ICRIS PROD 0619814684
2023-01-10 11:07:05,717  INFO [pool-1-thread-9] - clear replication group of document - ICRIS PROD 0620772445
2023-01-10 11:07:34,804  INFO [pool-1-thread-9] - clear replication group of document - ICRIS PROD 0621898894
2023-01-10 11:07:36,231  INFO [pool-1-thread-9] - clear replication group of document - ICRIS PROD 0621913022
2023-01-10 11:07:38,345  INFO [pool-1-thread-9] - clear replication group of document - ICRIS PROD 0621924575
2023-01-10 11:07:43,478  INFO [pool-1-thread-9] - clear replication group of document - ICRIS PROD 0622011016
2023-01-10 11:07:43,796  INFO [pool-1-thread-9] - clear replication group of document - ICRIS PROD 0622012970
2023-01-10 11:07:45,919  INFO [pool-1-thread-9] - clear replication group of document - ICRIS PROD 0622107334
2023-01-10 11:07:47,170  INFO [pool-1-thread-9] - clear replication group of document - ICRIS PROD 0622107394
2023-01-10 11:07:48,152  INFO [pool-1-thread-9] - clear replication group of document - ICRIS PROD 0622138226
2023-01-10 11:07:50,370  INFO [pool-1-thread-9] - clear replication group of document - ICRIS PROD 0622173481
2023-01-10 11:08:01,620  INFO [pool-1-thread-9] - clear replication group of document - ICRIS PROD 0622463402
2023-01-10 11:08:20,567  INFO [pool-1-thread-9] - clear replication group of document - ICRIS PROD 0622944292
2023-01-10 11:08:21,074  INFO [pool-1-thread-9] - clear replication group of document - ICRIS PROD 0622951210
2023-01-10 11:08:27,558  INFO [pool-1-thread-9] - clear replication group of document - ICRIS PROD 0623060467
2023-01-10 11:08:29,920  INFO [pool-1-thread-9] - clear replication group of document - ICRIS PROD 0623109101
2023-01-10 11:08:30,512  INFO [pool-1-thread-9] - clear replication group of document - ICRIS PROD 0623113593
2023-01-10 11:08:34,208  INFO [pool-1-thread-9] - clear replication group of document - ICRIS PROD 0623294883
2023-01-10 11:08:36,253  INFO [pool-1-thread-9] - clear replication group of document - ICRIS PROD 0623335485
2023-01-10 11:08:41,555  INFO [pool-1-thread-9] - clear replication group of document - ICRIS PROD 0623445707
2023-01-10 11:08:45,031  INFO [pool-1-thread-9] - clear replication group of document - ICRIS PROD 0623563568
2023-01-10 11:08:49,784  INFO [pool-1-thread-9] - clear replication group of document - ICRIS PROD 0623767009
2023-01-10 11:08:50,191  INFO [pool-1-thread-9] - clear replication group of document - ICRIS PROD 0623775185
2023-01-10 11:08:54,765  INFO [pool-1-thread-9] - clear replication group of document - ICRIS PROD 0623975785
2023-01-10 11:09:01,139  INFO [pool-1-thread-9] - clear replication group of document - ICRIS PROD 0624154503
2023-01-10 11:09:04,593  INFO [pool-1-thread-9] - clear replication group of document - ICRIS PROD 0624210266
2023-01-10 11:09:06,579  INFO [pool-1-thread-9] - clear replication group of document - ICRIS PROD 0624299148
2023-01-10 11:09:07,820  INFO [pool-1-thread-9] - clear replication group of document - ICRIS PROD 0624300763
2023-01-10 11:09:09,198  INFO [pool-1-thread-9] - clear replication group of document - ICRIS PROD 0624385439
2023-01-10 11:09:09,607  INFO [pool-1-thread-8] - clear replication group of document - ICRIS PROD 0545693051
2023-01-10 11:09:12,775  INFO [pool-1-thread-9] - clear replication group of document - ICRIS PROD 0624537283
2023-01-10 11:09:13,072  INFO [pool-1-thread-9] - clear replication group of document - ICRIS PROD 0624544604
2023-01-10 11:09:13,495  INFO [pool-1-thread-9] - clear replication group of document - ICRIS PROD 0624546556
2023-01-10 11:09:15,480  INFO [pool-1-thread-9] - clear replication group of document - ICRIS PROD 0624571302
2023-01-10 11:09:15,769  INFO [pool-1-thread-9] - clear replication group of document - ICRIS PROD 0624571319
2023-01-10 11:09:19,361  INFO [pool-1-thread-9] - clear replication group of document - ICRIS PROD 0624644164
2023-01-10 11:09:19,752  INFO [pool-1-thread-9] - clear replication group of document - ICRIS PROD 0624652811
2023-01-10 11:09:20,121  INFO [pool-1-thread-9] - clear replication group of document - ICRIS PROD 0624652821
2023-01-10 11:09:20,504  INFO [pool-1-thread-9] - clear replication group of document - ICRIS PROD 0624652839
2023-01-10 11:09:21,168  INFO [pool-1-thread-9] - clear replication group of document - ICRIS PROD 0624677030
2023-01-10 11:09:23,133  INFO [pool-1-thread-9] - clear replication group of document - ICRIS PROD 0624708814
2023-01-10 11:09:23,386  INFO [pool-1-thread-9] - clear replication group of document - ICRIS PROD 0624708818
2023-01-10 11:09:24,132  INFO [pool-1-thread-9] - clear replication group of document - ICRIS PROD 0624774001
2023-01-10 11:09:26,907  INFO [pool-1-thread-9] - clear replication group of document - ICRIS PROD 0624834538
2023-01-10 11:09:29,131  INFO [pool-1-thread-9] - clear replication group of document - ICRIS PROD 0624919085
2023-01-10 11:09:29,660  INFO [pool-1-thread-9] - clear replication group of document - ICRIS PROD 0624922509
2023-01-10 11:09:30,523  INFO [pool-1-thread-9] - clear replication group of document - ICRIS PROD 0624922521
2023-01-10 11:09:30,760  INFO [pool-1-thread-9] - clear replication group of document - ICRIS PROD 0624922526
2023-01-10 11:09:31,222  INFO [pool-1-thread-9] - clear replication group of document - ICRIS PROD 0624922551
2023-01-10 11:09:31,604  INFO [pool-1-thread-9] - clear replication group of document - ICRIS PROD 0624922565
2023-01-10 11:09:31,997  INFO [pool-1-thread-9] - clear replication group of document - ICRIS PROD 0624922577
2023-01-10 11:09:32,663  INFO [pool-1-thread-9] - clear replication group of document - ICRIS PROD 0624933766
2023-01-10 11:09:34,074  INFO [pool-1-thread-9] - clear replication group of document - ICRIS PROD 0624943774
2023-01-10 11:09:35,201  INFO [pool-1-thread-9] - clear replication group of document - ICRIS PROD 0624966194
2023-01-10 11:09:36,271  INFO [pool-1-thread-9] - clear replication group of document - ICRIS PROD 0625001412
2023-01-10 11:09:36,621  INFO [pool-1-thread-9] - clear replication group of document - ICRIS PROD 0625001437
2023-01-10 11:09:37,123  INFO [pool-1-thread-9] - clear replication group of document - ICRIS PROD 0625001716
2023-01-10 11:09:37,480  INFO [pool-1-thread-9] - clear replication group of document - ICRIS PROD 0625001742
2023-01-10 11:09:38,791  INFO [pool-1-thread-9] - clear replication group of document - ICRIS PROD 0625019266
2023-01-10 11:09:39,741  INFO [pool-1-thread-9] - clear replication group of document - ICRIS PROD 0625043255
2023-01-10 11:09:40,144  INFO [pool-1-thread-9] - clear replication group of document - ICRIS PROD 0625043502
2023-01-10 11:09:41,153  INFO [pool-1-thread-9] - clear replication group of document - ICRIS PROD 0625077234
2023-01-10 11:09:42,187  INFO [pool-1-thread-9] - clear replication group of document - ICRIS PROD 0625098055
2023-01-10 11:09:43,396  INFO [pool-1-thread-9] - clear replication group of document - ICRIS PROD 0625098077
2023-01-10 11:09:46,449  INFO [pool-1-thread-9] - clear replication group of document - ICRIS PROD 0625145197
2023-01-10 11:09:48,193  INFO [pool-1-thread-9] - clear replication group of document - ICRIS PROD 0625207015
2023-01-10 11:09:50,614  INFO [pool-1-thread-9] - clear replication group of document - ICRIS PROD 0625294124
2023-01-10 11:09:51,256  INFO [pool-1-thread-9] - clear replication group of document - ICRIS PROD 0625294137
2023-01-10 11:09:51,613  INFO [pool-1-thread-9] - clear replication group of document - ICRIS PROD 0625294372
2023-01-10 11:09:58,642  INFO [pool-1-thread-9] - clear replication group of document - ICRIS PROD 0625595746
2023-01-10 11:09:59,654  INFO [pool-1-thread-9] - clear replication group of document - ICRIS PROD 0625595760
2023-01-10 11:10:00,292  INFO [pool-1-thread-9] - clear replication group of document - ICRIS PROD 0625595762
2023-01-10 11:10:01,008  INFO [pool-1-thread-9] - clear replication group of document - ICRIS PROD 0625595778
2023-01-10 11:10:01,983  INFO [pool-1-thread-9] - clear replication group of document - ICRIS PROD 0625616317
2023-01-10 11:10:02,229  INFO [pool-1-thread-9] - clear replication group of document - ICRIS PROD 0625616326
2023-01-10 11:10:02,493  INFO [pool-1-thread-9] - clear replication group of document - ICRIS PROD 0625616341
2023-01-10 11:10:06,366  INFO [pool-1-thread-9] - clear replication group of document - ICRIS PROD 0625757393
2023-01-10 11:10:07,518  INFO [pool-1-thread-9] - clear replication group of document - ICRIS PROD 0625776491
2023-01-10 11:10:09,970  INFO [pool-1-thread-9] - clear replication group of document - ICRIS PROD 0625835236
2023-01-10 11:10:12,698  INFO [pool-1-thread-9] - clear replication group of document - ICRIS PROD 0625896100
2023-01-10 11:10:12,927  INFO [pool-1-thread-9] - clear replication group of document - ICRIS PROD 0625896103
2023-01-10 11:10:13,190  INFO [pool-1-thread-9] - clear replication group of document - ICRIS PROD 0625896114
2023-01-10 11:10:13,932  INFO [pool-1-thread-9] - clear replication group of document - ICRIS PROD 0625896117
2023-01-10 11:10:14,501  INFO [pool-1-thread-9] - clear replication group of document - ICRIS PROD 0625896120
2023-01-10 11:10:14,871  INFO [pool-1-thread-9] - clear replication group of document - ICRIS PROD 0625896132
2023-01-10 11:10:16,420  INFO [pool-1-thread-9] - clear replication group of document - ICRIS PROD 0625958699
2023-01-10 11:10:17,239  INFO [pool-1-thread-9] - clear replication group of document - ICRIS PROD 0625976525
2023-01-10 11:10:19,029  INFO [pool-1-thread-9] - clear replication group of document - ICRIS PROD 0626002215
2023-01-10 11:10:20,572  INFO [pool-1-thread-9] - clear replication group of document - ICRIS PROD 0626031625
2023-01-10 11:10:23,192  INFO [pool-1-thread-9] - clear replication group of document - ICRIS PROD 0626082651
2023-01-10 11:10:24,054  INFO [pool-1-thread-9] - clear replication group of document - ICRIS PROD 0626092511
2023-01-10 11:10:28,320  INFO [pool-1-thread-9] - clear replication group of document - ICRIS PROD 0626228425
2023-01-10 11:10:34,244  INFO [pool-1-thread-9] - clear replication group of document - ICRIS PROD 0626431810
2023-01-10 11:10:35,318  INFO [pool-1-thread-9] - clear replication group of document - ICRIS PROD 0626492355
2023-01-10 11:10:45,587  INFO [pool-1-thread-9] - clear replication group of document - ICRIS PROD 0626779329
2023-01-10 11:10:51,739  INFO [pool-1-thread-9] - clear replication group of document - ICRIS PROD 0626921200
2023-01-10 11:10:52,544  INFO [pool-1-thread-9] - clear replication group of document - ICRIS PROD 0626934587
2023-01-10 11:10:57,939  INFO [pool-1-thread-9] - clear replication group of document - ICRIS PROD 0627055877
2023-01-10 11:11:10,517  INFO [pool-1-thread-9] - clear replication group of document - ICRIS PROD 0627329905
2023-01-10 11:11:12,210  INFO [pool-1-thread-9] - clear replication group of document - ICRIS PROD 0627386670
2023-01-10 11:11:15,137  INFO [pool-1-thread-9] - clear replication group of document - ICRIS PROD 0627423619
2023-01-10 11:11:16,733  INFO [pool-1-thread-9] - clear replication group of document - ICRIS PROD 0627467024
2023-01-10 11:11:21,692  INFO [pool-1-thread-9] - clear replication group of document - ICRIS PROD 0627604553
2023-01-10 11:11:25,747  INFO [pool-1-thread-9] - clear replication group of document - ICRIS PROD 0627604554
2023-01-10 11:11:28,027  INFO [pool-1-thread-9] - clear replication group of document - ICRIS PROD 0627658618
2023-01-10 11:11:28,691  INFO [pool-1-thread-9] - clear replication group of document - ICRIS PROD 0627663024
2023-01-10 11:11:33,449  INFO [pool-1-thread-9] - clear replication group of document - ICRIS PROD 0627857432
2023-01-10 11:11:36,105  INFO [pool-1-thread-9] - clear replication group of document - ICRIS PROD 0627950687
2023-01-10 11:11:36,548  INFO [pool-1-thread-9] - clear replication group of document - ICRIS PROD 0627967554
2023-01-10 11:11:36,955  INFO [pool-1-thread-9] - clear replication group of document - ICRIS PROD 0627982314
2023-01-10 11:11:40,042  INFO [pool-1-thread-9] - clear replication group of document - ICRIS PROD 0628063220
2023-01-10 11:11:40,325  INFO [pool-1-thread-9] - clear replication group of document - ICRIS PROD 0628063226
2023-01-10 11:11:43,090  INFO [pool-1-thread-9] - clear replication group of document - ICRIS PROD 0628132176
2023-01-10 11:11:44,270  INFO [pool-1-thread-9] - clear replication group of document - ICRIS PROD 0628172768
2023-01-10 11:11:45,002  INFO [pool-1-thread-9] - clear replication group of document - ICRIS PROD 0628196582
2023-01-10 11:11:46,089  INFO [pool-1-thread-9] - clear replication group of document - ICRIS PROD 0628198454
2023-01-10 11:11:47,281  INFO [pool-1-thread-9] - clear replication group of document - ICRIS PROD 0628205772
2023-01-10 11:11:48,373  INFO [pool-1-thread-9] - clear replication group of document - ICRIS PROD 0628270771
2023-01-10 11:11:57,180  INFO [pool-1-thread-9] - clear replication group of document - ICRIS PROD 0628556029
2023-01-10 11:12:00,593  INFO [pool-1-thread-9] - clear replication group of document - ICRIS PROD 0628670143
2023-01-10 11:12:01,189  INFO [pool-1-thread-9] - clear replication group of document - ICRIS PROD 0628671811
2023-01-10 11:12:01,854  INFO [pool-1-thread-9] - clear replication group of document - ICRIS PROD 0628675328
2023-01-10 11:12:02,605  INFO [pool-1-thread-9] - clear replication group of document - ICRIS PROD 0628679774
2023-01-10 11:12:03,409  INFO [pool-1-thread-9] - clear replication group of document - ICRIS PROD 0628683310
2023-01-10 11:12:05,656  INFO [pool-1-thread-9] - clear replication group of document - ICRIS PROD 0628713964
2023-01-10 11:12:06,144  INFO [pool-1-thread-9] - clear replication group of document - ICRIS PROD 0628713973
2023-01-10 11:12:06,800  INFO [pool-1-thread-9] - clear replication group of document - ICRIS PROD 0628714780
2023-01-10 11:12:07,491  INFO [pool-1-thread-9] - clear replication group of document - ICRIS PROD 0628714785
2023-01-10 11:12:11,887  INFO [pool-1-thread-9] - clear replication group of document - ICRIS PROD 0628775330
2023-01-10 11:12:12,281  INFO [pool-1-thread-9] - clear replication group of document - ICRIS PROD 0628775333
2023-01-10 11:12:13,925  INFO [pool-1-thread-9] - clear replication group of document - ICRIS PROD 0628835809
2023-01-10 11:12:15,892  INFO [pool-1-thread-9] - clear replication group of document - ICRIS PROD 0628896416
2023-01-10 11:12:16,197  INFO [pool-1-thread-9] - clear replication group of document - ICRIS PROD 0628905059
2023-01-10 11:12:16,449  INFO [pool-1-thread-9] - clear replication group of document - ICRIS PROD 0628905062
2023-01-10 11:12:17,207  INFO [pool-1-thread-9] - clear replication group of document - ICRIS PROD 0628918464
2023-01-10 11:12:20,021  INFO [pool-1-thread-9] - clear replication group of document - ICRIS PROD 0628994822
2023-01-10 11:12:20,567  INFO [pool-1-thread-9] - clear replication group of document - ICRIS PROD 0629005890
2023-01-10 11:12:21,029  INFO [pool-1-thread-9] - clear replication group of document - ICRIS PROD 0629005898
2023-01-10 11:12:22,298  INFO [pool-1-thread-9] - clear replication group of document - ICRIS PROD 0629063144
2023-01-10 11:12:22,664  INFO [pool-1-thread-9] - clear replication group of document - ICRIS PROD 0629069200
2023-01-10 11:12:23,704  INFO [pool-1-thread-9] - clear replication group of document - ICRIS PROD 0629089914
2023-01-10 11:12:23,979  INFO [pool-1-thread-9] - clear replication group of document - ICRIS PROD 0629090361
2023-01-10 11:12:25,201  INFO [pool-1-thread-9] - clear replication group of document - ICRIS PROD 0629090371
2023-01-10 11:12:28,476  INFO [pool-1-thread-9] - clear replication group of document - ICRIS PROD 0629206761
2023-01-10 11:12:30,289  INFO [pool-1-thread-9] - clear replication group of document - ICRIS PROD 0629275665
2023-01-10 11:12:31,511  INFO [pool-1-thread-9] - clear replication group of document - ICRIS PROD 0629285160
2023-01-10 11:12:32,886  INFO [pool-1-thread-9] - clear replication group of document - ICRIS PROD 0629299723
2023-01-10 11:12:36,940  INFO [pool-1-thread-9] - clear replication group of document - ICRIS PROD 0629372934
2023-01-10 11:12:38,045  INFO [pool-1-thread-9] - clear replication group of document - ICRIS PROD 0629394026
2023-01-10 11:12:39,243  INFO [pool-1-thread-9] - clear replication group of document - ICRIS PROD 0629400230
2023-01-10 11:12:40,013  INFO [pool-1-thread-9] - clear replication group of document - ICRIS PROD 0629400236
2023-01-10 11:12:40,799  INFO [pool-1-thread-9] - clear replication group of document - ICRIS PROD 0629400280
2023-01-10 11:12:46,603  INFO [pool-1-thread-9] - clear replication group of document - ICRIS PROD 0629483526
2023-01-10 11:12:49,155  INFO [pool-1-thread-9] - clear replication group of document - ICRIS PROD 0629573253
2023-01-10 11:12:49,861  INFO [pool-1-thread-9] - clear replication group of document - ICRIS PROD 0629575291
2023-01-10 11:12:50,746  INFO [pool-1-thread-9] - clear replication group of document - ICRIS PROD 0629589100
2023-01-10 11:12:51,053  INFO [pool-1-thread-9] - clear replication group of document - ICRIS PROD 0629589318
2023-01-10 11:12:53,594  INFO [pool-1-thread-9] - clear replication group of document - ICRIS PROD 0629628221
2023-01-10 11:12:56,710  INFO [pool-1-thread-9] - clear replication group of document - ICRIS PROD 0629709971
2023-01-10 11:13:02,626  INFO [pool-1-thread-9] - clear replication group of document - ICRIS PROD 0629889577
2023-01-10 11:13:07,143  INFO [pool-1-thread-9] - clear replication group of document - ICRIS PROD 0630031015
2023-01-10 11:13:10,285  INFO [pool-1-thread-9] - clear replication group of document - ICRIS PROD 0630122382
2023-01-10 11:13:11,166  INFO [pool-1-thread-9] - clear replication group of document - ICRIS PROD 0630141063
2023-01-10 11:13:13,562  INFO [pool-1-thread-9] - clear replication group of document - ICRIS PROD 0630196514
2023-01-10 11:13:14,973  INFO [pool-1-thread-9] - clear replication group of document - ICRIS PROD 0630256257
2023-01-10 11:13:17,936  INFO [pool-1-thread-9] - clear replication group of document - ICRIS PROD 0630380966
2023-01-10 11:13:19,395  INFO [pool-1-thread-9] - clear replication group of document - ICRIS PROD 0630445214
2023-01-10 11:13:20,817  INFO [pool-1-thread-9] - clear replication group of document - ICRIS PROD 0630445231
2023-01-10 11:13:28,285  INFO [pool-1-thread-9] - clear replication group of document - ICRIS PROD 0630508244
2023-01-10 11:13:28,862  INFO [pool-1-thread-9] - clear replication group of document - ICRIS PROD 0630509411
2023-01-10 11:13:29,162  INFO [pool-1-thread-9] - clear replication group of document - ICRIS PROD 0630509412
2023-01-10 11:13:29,526  INFO [pool-1-thread-9] - clear replication group of document - ICRIS PROD 0630519324
2023-01-10 11:13:36,567  INFO [pool-1-thread-9] - clear replication group of document - ICRIS PROD 0630680560
2023-01-10 11:13:37,684  INFO [pool-1-thread-9] - clear replication group of document - ICRIS PROD 0630743103
2023-01-10 11:13:38,413  INFO [pool-1-thread-9] - clear replication group of document - ICRIS PROD 0630787179
2023-01-10 11:13:41,495  INFO [pool-1-thread-9] - clear replication group of document - ICRIS PROD 0630850944
2023-01-10 11:13:42,019  INFO [pool-1-thread-9] - clear replication group of document - ICRIS PROD 0630881651
2023-01-10 11:13:48,830  INFO [pool-1-thread-9] - clear replication group of document - ICRIS PROD 0631072776
2023-01-10 11:13:51,254  INFO [pool-1-thread-9] - clear replication group of document - ICRIS PROD 0631140019
2023-01-10 11:13:52,649  INFO [pool-1-thread-9] - clear replication group of document - ICRIS PROD 0631166477
2023-01-10 11:13:52,894  INFO [pool-1-thread-9] - clear replication group of document - ICRIS PROD 0631166481
2023-01-10 11:13:56,960  INFO [pool-1-thread-9] - clear replication group of document - ICRIS PROD 0631278089
2023-01-10 11:13:57,737  INFO [pool-1-thread-9] - clear replication group of document - ICRIS PROD 0631289472
2023-01-10 11:14:03,103  INFO [pool-1-thread-9] - clear replication group of document - ICRIS PROD 0631406466
2023-01-10 11:14:03,422  INFO [pool-1-thread-9] - clear replication group of document - ICRIS PROD 0631406468
2023-01-10 11:14:03,809  INFO [pool-1-thread-9] - clear replication group of document - ICRIS PROD 0631410201
2023-01-10 11:14:06,908  INFO [pool-1-thread-9] - clear replication group of document - ICRIS PROD 0631481396
2023-01-10 11:14:10,582  INFO [pool-1-thread-9] - clear replication group of document - ICRIS PROD 0631557982
2023-01-10 11:14:14,203  INFO [pool-1-thread-9] - clear replication group of document - ICRIS PROD 0631666609
2023-01-10 11:14:15,035  INFO [pool-1-thread-9] - clear replication group of document - ICRIS PROD 0631684967
2023-01-10 11:14:16,351  INFO [pool-1-thread-9] - clear replication group of document - ICRIS PROD 0631703956
2023-01-10 11:14:20,901  INFO [pool-1-thread-9] - clear replication group of document - ICRIS PROD 0631768812
2023-01-10 11:14:24,440  INFO [pool-1-thread-9] - clear replication group of document - ICRIS PROD 0631835823
2023-01-10 11:14:27,771  INFO [pool-1-thread-9] - clear replication group of document - ICRIS PROD 0631869604
2023-01-10 11:14:29,408  INFO [pool-1-thread-9] - clear replication group of document - ICRIS PROD 0631928516
2023-01-10 11:14:30,539  INFO [pool-1-thread-9] - clear replication group of document - ICRIS PROD 0631948968
2023-01-10 11:14:31,555  INFO [pool-1-thread-9] - clear replication group of document - ICRIS PROD 0632031111
2023-01-10 11:14:35,503  INFO [pool-1-thread-9] - clear replication group of document - ICRIS PROD 0632067413
2023-01-10 11:14:35,755  INFO [pool-1-thread-9] - clear replication group of document - ICRIS PROD 0632067415
2023-01-10 11:14:37,244  INFO [pool-1-thread-9] - clear replication group of document - ICRIS PROD 0632079249
2023-01-10 11:14:47,633  INFO [pool-1-thread-9] - clear replication group of document - ICRIS PROD 0632330985
2023-01-10 11:14:49,299  INFO [pool-1-thread-9] - clear replication group of document - ICRIS PROD 0632361186
2023-01-10 11:14:49,854  INFO [pool-1-thread-9] - clear replication group of document - ICRIS PROD 0632368167
2023-01-10 11:14:51,013  INFO [pool-1-thread-9] - clear replication group of document - ICRIS PROD 0632377356
2023-01-10 11:14:51,841  INFO [pool-1-thread-9] - clear replication group of document - ICRIS PROD 0632388480
2023-01-10 11:14:53,360  INFO [pool-1-thread-9] - clear replication group of document - ICRIS PROD 0632408872
2023-01-10 11:14:54,591  INFO [pool-1-thread-9] - clear replication group of document - ICRIS PROD 0632414075
2023-01-10 11:14:55,114  INFO [pool-1-thread-9] - clear replication group of document - ICRIS PROD 0632414077
2023-01-10 11:14:57,278  INFO [pool-1-thread-9] - clear replication group of document - ICRIS PROD 0632450300
2023-01-10 11:14:59,769  INFO [pool-1-thread-9] - clear replication group of document - ICRIS PROD 0632531689
2023-01-10 11:15:00,582  INFO [pool-1-thread-9] - clear replication group of document - ICRIS PROD 0632531734
2023-01-10 11:15:00,940  INFO [pool-1-thread-9] - clear replication group of document - ICRIS PROD 0632531788
2023-01-10 11:15:01,359  INFO [pool-1-thread-9] - clear replication group of document - ICRIS PROD 0632531801
2023-01-10 11:15:01,779  INFO [pool-1-thread-9] - clear replication group of document - ICRIS PROD 0632535620
2023-01-10 11:15:03,801  INFO [pool-1-thread-9] - clear replication group of document - ICRIS PROD 0632593779
2023-01-10 11:15:05,812  INFO [pool-1-thread-9] - clear replication group of document - ICRIS PROD 0632650292
2023-01-10 11:15:06,812  INFO [pool-1-thread-9] - clear replication group of document - ICRIS PROD 0632680236
2023-01-10 11:15:10,945  INFO [pool-1-thread-9] - clear replication group of document - ICRIS PROD 0632805733
2023-01-10 11:15:12,164  INFO [pool-1-thread-9] - clear replication group of document - ICRIS PROD 0632827620
2023-01-10 11:15:12,513  INFO [pool-1-thread-9] - clear replication group of document - ICRIS PROD 0632827642
2023-01-10 11:15:13,363  INFO [pool-1-thread-9] - clear replication group of document - ICRIS PROD 0632839706
2023-01-10 11:15:18,047  INFO [pool-1-thread-9] - clear replication group of document - ICRIS PROD 0632948085
2023-01-10 11:15:21,707  INFO [pool-1-thread-9] - clear replication group of document - ICRIS PROD 0633012923
2023-01-10 11:15:22,415  INFO [pool-1-thread-9] - clear replication group of document - ICRIS PROD 0633027703
2023-01-10 11:15:23,454  INFO [pool-1-thread-9] - clear replication group of document - ICRIS PROD 0633027732
2023-01-10 11:15:26,130  INFO [pool-1-thread-9] - clear replication group of document - ICRIS PROD 0633027791
2023-01-10 11:15:27,298  INFO [pool-1-thread-9] - clear replication group of document - ICRIS PROD 0633057928
2023-01-10 11:15:27,983  INFO [pool-1-thread-9] - clear replication group of document - ICRIS PROD 0633057940
2023-01-10 11:15:32,464  INFO [pool-1-thread-9] - clear replication group of document - ICRIS PROD 0633151203
2023-01-10 11:15:33,717  INFO [pool-1-thread-9] - clear replication group of document - ICRIS PROD 0633182819
2023-01-10 11:15:37,570  INFO [pool-1-thread-9] - clear replication group of document - ICRIS PROD 0633251556
2023-01-10 11:15:37,837  INFO [pool-1-thread-9] - clear replication group of document - ICRIS PROD 0633251566
2023-01-10 11:15:39,156  INFO [pool-1-thread-9] - clear replication group of document - ICRIS PROD 0633254265
2023-01-10 11:15:42,583  INFO [pool-1-thread-9] - clear replication group of document - ICRIS PROD 0633366199
2023-01-10 11:15:43,530  INFO [pool-1-thread-9] - clear replication group of document - ICRIS PROD 0633413060
2023-01-10 11:15:46,316  INFO [pool-1-thread-9] - clear replication group of document - ICRIS PROD 0633517092
2023-01-10 11:15:46,569  INFO [pool-1-thread-9] - clear replication group of document - ICRIS PROD 0633517100
2023-01-10 11:15:47,464  INFO [pool-1-thread-9] - clear replication group of document - ICRIS PROD 0633537032
2023-01-10 11:15:48,322  INFO [pool-1-thread-9] - clear replication group of document - ICRIS PROD 0633568917
2023-01-10 11:15:57,778  INFO [pool-1-thread-8] - clear replication group of document - ICRIS PROD 0556776405
2023-01-10 11:16:01,828  INFO [pool-1-thread-9] - clear replication group of document - ICRIS PROD 0633970390
2023-01-10 11:16:03,016  INFO [pool-1-thread-9] - clear replication group of document - ICRIS PROD 0634003776
2023-01-10 11:16:03,891  INFO [pool-1-thread-9] - clear replication group of document - ICRIS PROD 0634003787
2023-01-10 11:16:05,439  INFO [pool-1-thread-9] - clear replication group of document - ICRIS PROD 0634003791
2023-01-10 11:16:09,735  INFO [pool-1-thread-9] - clear replication group of document - ICRIS PROD 0634066463
2023-01-10 11:16:12,328  INFO [pool-1-thread-9] - clear replication group of document - ICRIS PROD 0634151786
2023-01-10 11:16:17,717  INFO [pool-1-thread-9] - clear replication group of document - ICRIS PROD 0634194385
2023-01-10 11:16:19,706  INFO [pool-1-thread-9] - clear replication group of document - ICRIS PROD 0634246890
2023-01-10 11:16:21,047  INFO [pool-1-thread-9] - clear replication group of document - ICRIS PROD 0634293179
2023-01-10 11:16:24,039  INFO [pool-1-thread-9] - clear replication group of document - ICRIS PROD 0634348964
2023-01-10 11:16:24,715  INFO [pool-1-thread-9] - clear replication group of document - ICRIS PROD 0634363479
2023-01-10 11:16:24,960  INFO [pool-1-thread-9] - clear replication group of document - ICRIS PROD 0634363497
2023-01-10 11:16:25,419  INFO [pool-1-thread-9] - clear replication group of document - ICRIS PROD 0634364630
2023-01-10 11:16:25,665  INFO [pool-1-thread-9] - clear replication group of document - ICRIS PROD 0634364637
2023-01-10 11:16:27,318  INFO [pool-1-thread-9] - clear replication group of document - ICRIS PROD 0634390804
2023-01-10 11:16:27,977  INFO [pool-1-thread-9] - clear replication group of document - ICRIS PROD 0634390814
2023-01-10 11:16:29,198  INFO [pool-1-thread-9] - clear replication group of document - ICRIS PROD 0634391190
2023-01-10 11:16:30,131  INFO [pool-1-thread-9] - clear replication group of document - ICRIS PROD 0634391215
2023-01-10 11:16:31,217  INFO [pool-1-thread-9] - clear replication group of document - ICRIS PROD 0634391240
2023-01-10 11:16:32,164  INFO [pool-1-thread-9] - clear replication group of document - ICRIS PROD 0634391263
2023-01-10 11:16:32,945  INFO [pool-1-thread-9] - clear replication group of document - ICRIS PROD 0634391293
2023-01-10 11:16:33,630  INFO [pool-1-thread-9] - clear replication group of document - ICRIS PROD 0634391313
2023-01-10 11:16:35,439  INFO [pool-1-thread-9] - clear replication group of document - ICRIS PROD 0634391557
2023-01-10 11:16:35,703  INFO [pool-1-thread-9] - clear replication group of document - ICRIS PROD 0634391559
2023-01-10 11:16:36,388  INFO [pool-1-thread-9] - clear replication group of document - ICRIS PROD 0634391584
2023-01-10 11:16:38,260  INFO [pool-1-thread-9] - clear replication group of document - ICRIS PROD 0634391586
2023-01-10 11:16:41,327  INFO [pool-1-thread-9] - clear replication group of document - ICRIS PROD 0634405492
2023-01-10 11:16:42,609  INFO [pool-1-thread-9] - clear replication group of document - ICRIS PROD 0634405504
2023-01-10 11:16:43,542  INFO [pool-1-thread-9] - clear replication group of document - ICRIS PROD 0634408291
2023-01-10 11:16:43,815  INFO [pool-1-thread-9] - clear replication group of document - ICRIS PROD 0634408292
2023-01-10 11:16:44,175  INFO [pool-1-thread-9] - clear replication group of document - ICRIS PROD 0634411870
2023-01-10 11:16:44,764  INFO [pool-1-thread-9] - clear replication group of document - ICRIS PROD 0634430088
2023-01-10 11:16:47,169  INFO [pool-1-thread-9] - clear replication group of document - ICRIS PROD 0634466479
2023-01-10 11:16:49,386  INFO [pool-1-thread-8] - clear replication group of document - ICRIS PROD 0558088418
2023-01-10 11:16:50,806  INFO [pool-1-thread-9] - clear replication group of document - ICRIS PROD 0634665178
2023-01-10 11:16:54,501  INFO [pool-1-thread-9] - clear replication group of document - ICRIS PROD 0634787596
2023-01-10 11:16:55,116  INFO [pool-1-thread-9] - clear replication group of document - ICRIS PROD 0634790169
2023-01-10 11:16:58,219  INFO [pool-1-thread-9] - clear replication group of document - ICRIS PROD 0634876219
2023-01-10 11:16:58,530  INFO [pool-1-thread-9] - clear replication group of document - ICRIS PROD 0634881986
2023-01-10 11:16:59,043  INFO [pool-1-thread-9] - clear replication group of document - ICRIS PROD 0634884468
2023-01-10 11:16:59,532  INFO [pool-1-thread-9] - clear replication group of document - ICRIS PROD 0634894700
2023-01-10 11:17:01,411  INFO [pool-1-thread-9] - clear replication group of document - ICRIS PROD 0634904897
2023-01-10 11:17:04,946  INFO [pool-1-thread-9] - clear replication group of document - ICRIS PROD 0634966548
2023-01-10 11:17:06,316  INFO [pool-1-thread-9] - clear replication group of document - ICRIS PROD 0635022307
2023-01-10 11:17:06,631  INFO [pool-1-thread-9] - clear replication group of document - ICRIS PROD 0635022322
2023-01-10 11:17:11,168  INFO [pool-1-thread-9] - clear replication group of document - ICRIS PROD 0635207903
2023-01-10 11:17:11,189  INFO [pool-1-thread-8] - clear replication group of document - ICRIS PROD 0558544743
2023-01-10 11:17:13,543  INFO [pool-1-thread-9] - clear replication group of document - ICRIS PROD 0635258567
2023-01-10 11:17:14,246  INFO [pool-1-thread-9] - clear replication group of document - ICRIS PROD 0635269805
2023-01-10 11:17:17,229  INFO [pool-1-thread-9] - clear replication group of document - ICRIS PROD 0635358333
2023-01-10 11:17:21,865  INFO [pool-1-thread-9] - clear replication group of document - ICRIS PROD 0635452362
2023-01-10 11:17:22,111  INFO [pool-1-thread-9] - clear replication group of document - ICRIS PROD 0635452379
2023-01-10 11:17:30,814  INFO [pool-1-thread-9] - clear replication group of document - ICRIS PROD 0635658216
2023-01-10 11:17:34,020  INFO [pool-1-thread-9] - clear replication group of document - ICRIS PROD 0635749587
2023-01-10 11:17:37,499  INFO [pool-1-thread-9] - clear replication group of document - ICRIS PROD 0635801133
2023-01-10 11:17:38,319  INFO [pool-1-thread-9] - clear replication group of document - ICRIS PROD 0635811648
2023-01-10 11:17:38,786  INFO [pool-1-thread-9] - clear replication group of document - ICRIS PROD 0635816113
2023-01-10 11:17:39,555  INFO [pool-1-thread-9] - clear replication group of document - ICRIS PROD 0635816131
2023-01-10 11:17:42,570  INFO [pool-1-thread-9] - clear replication group of document - ICRIS PROD 0635913547
2023-01-10 11:17:45,311  INFO [pool-1-thread-9] - clear replication group of document - ICRIS PROD 0636019375
2023-01-10 11:17:48,948  INFO [pool-1-thread-9] - clear replication group of document - ICRIS PROD 0636101195
2023-01-10 11:17:55,222  INFO [pool-1-thread-9] - clear replication group of document - ICRIS PROD 0636329369
2023-01-10 11:17:56,308  INFO [pool-1-thread-9] - clear replication group of document - ICRIS PROD 0636343247
2023-01-10 11:17:57,054  INFO [pool-1-thread-9] - clear replication group of document - ICRIS PROD 0636357353
2023-01-10 11:17:58,112  INFO [pool-1-thread-9] - clear replication group of document - ICRIS PROD 0636378580
2023-01-10 11:17:59,996  INFO [pool-1-thread-9] - clear replication group of document - ICRIS PROD 0636415762
2023-01-10 11:18:02,864  INFO [pool-1-thread-9] - clear replication group of document - ICRIS PROD 0636489580
2023-01-10 11:18:04,347  INFO [pool-1-thread-9] - clear replication group of document - ICRIS PROD 0636497036
2023-01-10 11:18:06,843  INFO [pool-1-thread-9] - clear replication group of document - ICRIS PROD 0636578157
2023-01-10 11:18:08,467  INFO [pool-1-thread-9] - clear replication group of document - ICRIS PROD 0636607321
2023-01-10 11:18:08,742  INFO [pool-1-thread-9] - clear replication group of document - ICRIS PROD 0636607351
2023-01-10 11:18:09,809  INFO [pool-1-thread-9] - clear replication group of document - ICRIS PROD 0636641058
2023-01-10 11:18:10,360  INFO [pool-1-thread-9] - clear replication group of document - ICRIS PROD 0636672542
2023-01-10 11:18:11,641  INFO [pool-1-thread-9] - clear replication group of document - ICRIS PROD 0636683270
2023-01-10 11:18:11,920  INFO [pool-1-thread-9] - clear replication group of document - ICRIS PROD 0636683271
2023-01-10 11:18:12,801  INFO [pool-1-thread-9] - clear replication group of document - ICRIS PROD 0636693481
2023-01-10 11:18:13,061  INFO [pool-1-thread-9] - clear replication group of document - ICRIS PROD 0636693492
2023-01-10 11:18:13,299  INFO [pool-1-thread-9] - clear replication group of document - ICRIS PROD 0636693494
2023-01-10 11:18:13,514  INFO [pool-1-thread-9] - clear replication group of document - ICRIS PROD 0636693496
2023-01-10 11:18:17,389  INFO [pool-1-thread-9] - clear replication group of document - ICRIS PROD 0636842500
2023-01-10 11:18:21,346  INFO [pool-1-thread-9] - clear replication group of document - ICRIS PROD 0637000728
2023-01-10 11:18:28,439  INFO [pool-1-thread-9] - clear replication group of document - ICRIS PROD 0637158083
2023-01-10 11:18:28,702  INFO [pool-1-thread-9] - clear replication group of document - ICRIS PROD 0637158387
2023-01-10 11:18:32,303  INFO [pool-1-thread-9] - clear replication group of document - ICRIS PROD 0637276244
2023-01-10 11:18:32,588  INFO [pool-1-thread-9] - clear replication group of document - ICRIS PROD 0637281995
2023-01-10 11:18:32,828  INFO [pool-1-thread-9] - clear replication group of document - ICRIS PROD 0637281997
2023-01-10 11:18:34,804  INFO [pool-1-thread-9] - clear replication group of document - ICRIS PROD 0637299946
2023-01-10 11:18:39,722  INFO [pool-1-thread-9] - clear replication group of document - ICRIS PROD 0637378537
2023-01-10 11:18:39,989  INFO [pool-1-thread-9] - clear replication group of document - ICRIS PROD 0637378539
2023-01-10 11:18:41,238  INFO [pool-1-thread-9] - clear replication group of document - ICRIS PROD 0637391604
2023-01-10 11:18:41,672  INFO [pool-1-thread-9] - clear replication group of document - ICRIS PROD 0637408978
2023-01-10 11:18:42,352  INFO [pool-1-thread-9] - clear replication group of document - ICRIS PROD 0637421130
2023-01-10 11:18:42,988  INFO [pool-1-thread-9] - clear replication group of document - ICRIS PROD 0637423419
2023-01-10 11:18:43,608  INFO [pool-1-thread-9] - clear replication group of document - ICRIS PROD 0637423749
2023-01-10 11:18:43,870  INFO [pool-1-thread-9] - clear replication group of document - ICRIS PROD 0637423752
2023-01-10 11:18:44,107  INFO [pool-1-thread-9] - clear replication group of document - ICRIS PROD 0637423755
2023-01-10 11:18:49,335  INFO [pool-1-thread-9] - clear replication group of document - ICRIS PROD 0637558321
2023-01-10 11:18:52,893  INFO [pool-1-thread-9] - clear replication group of document - ICRIS PROD 0637572054
2023-01-10 11:18:57,058  INFO [pool-1-thread-9] - clear replication group of document - ICRIS PROD 0637634591
2023-01-10 11:19:04,461  INFO [pool-1-thread-9] - clear replication group of document - ICRIS PROD 0637870620
2023-01-10 11:19:07,603  INFO [pool-1-thread-9] - clear replication group of document - ICRIS PROD 0637998176
2023-01-10 11:19:07,850  INFO [pool-1-thread-9] - clear replication group of document - ICRIS PROD 0637998179
2023-01-10 11:19:08,214  INFO [pool-1-thread-9] - clear replication group of document - ICRIS PROD 0638004198
2023-01-10 11:19:11,207  INFO [pool-1-thread-9] - clear replication group of document - ICRIS PROD 0638077437
2023-01-10 11:19:15,147  INFO [pool-1-thread-9] - clear replication group of document - ICRIS PROD 0638246771
2023-01-10 11:19:17,343  INFO [pool-1-thread-9] - clear replication group of document - ICRIS PROD 0638295416
2023-01-10 11:19:23,764  INFO [pool-1-thread-9] - clear replication group of document - ICRIS PROD 0638457256
2023-01-10 11:19:24,156  INFO [pool-1-thread-9] - clear replication group of document - ICRIS PROD 0638457259
2023-01-10 11:19:24,520  INFO [pool-1-thread-9] - clear replication group of document - ICRIS PROD 0638457603
2023-01-10 11:19:24,959  INFO [pool-1-thread-9] - clear replication group of document - ICRIS PROD 0638457673
2023-01-10 11:19:26,683  INFO [pool-1-thread-9] - clear replication group of document - ICRIS PROD 0638457748
2023-01-10 11:19:27,042  INFO [pool-1-thread-9] - clear replication group of document - ICRIS PROD 0638457752
2023-01-10 11:19:27,479  INFO [pool-1-thread-9] - clear replication group of document - ICRIS PROD 0638457757
2023-01-10 11:19:28,419  INFO [pool-1-thread-9] - clear replication group of document - ICRIS PROD 0638457809
2023-01-10 11:19:31,400  INFO [pool-1-thread-9] - clear replication group of document - ICRIS PROD 0638551767
2023-01-10 11:19:32,985  INFO [pool-1-thread-9] - clear replication group of document - ICRIS PROD 0638599135
2023-01-10 11:19:35,713  INFO [pool-1-thread-9] - clear replication group of document - ICRIS PROD 0638700405
2023-01-10 11:19:37,018  INFO [pool-1-thread-9] - clear replication group of document - ICRIS PROD 0638723888
2023-01-10 11:19:39,694  INFO [pool-1-thread-9] - clear replication group of document - ICRIS PROD 0638817722
2023-01-10 11:19:39,997  INFO [pool-1-thread-9] - clear replication group of document - ICRIS PROD 0638819499
2023-01-10 11:19:40,511  INFO [pool-1-thread-9] - clear replication group of document - ICRIS PROD 0638826414
2023-01-10 11:19:48,111  INFO [pool-1-thread-9] - clear replication group of document - ICRIS PROD 0639024663
2023-01-10 11:19:50,906  INFO [pool-1-thread-9] - clear replication group of document - ICRIS PROD 0639143103
2023-01-10 11:19:51,562  INFO [pool-1-thread-9] - clear replication group of document - ICRIS PROD 0639178545
2023-01-10 11:19:55,563  INFO [pool-1-thread-9] - clear replication group of document - ICRIS PROD 0639250659
2023-01-10 11:20:00,993  INFO [pool-1-thread-9] - clear replication group of document - ICRIS PROD 0639433494
2023-01-10 11:20:02,639  INFO [pool-1-thread-9] - clear replication group of document - ICRIS PROD 0639493555
2023-01-10 11:20:04,187  INFO [pool-1-thread-9] - clear replication group of document - ICRIS PROD 0639523587
2023-01-10 11:20:05,425  INFO [pool-1-thread-9] - clear replication group of document - ICRIS PROD 0639545729
2023-01-10 11:20:09,067  INFO [pool-1-thread-9] - clear replication group of document - ICRIS PROD 0639703190
2023-01-10 11:20:10,313  INFO [pool-1-thread-9] - clear replication group of document - ICRIS PROD 0639733124
2023-01-10 11:20:10,657  INFO [pool-1-thread-9] - clear replication group of document - ICRIS PROD 0639733125
2023-01-10 11:20:13,101  INFO [pool-1-thread-9] - clear replication group of document - ICRIS PROD 0639812571
2023-01-10 11:20:13,966  INFO [pool-1-thread-9] - clear replication group of document - ICRIS PROD 0639812581
2023-01-10 11:20:16,922  INFO [pool-1-thread-9] - clear replication group of document - ICRIS PROD 0639931538
2023-01-10 11:20:18,810  INFO [pool-1-thread-9] - clear replication group of document - ICRIS PROD 0639962318
2023-01-10 11:20:22,370  INFO [pool-1-thread-9] - clear replication group of document - ICRIS PROD 0640051751
2023-01-10 11:20:23,759  INFO [pool-1-thread-9] - clear replication group of document - ICRIS PROD 0640072353
2023-01-10 11:20:24,975  INFO [pool-1-thread-9] - clear replication group of document - ICRIS PROD 0640072355
2023-01-10 11:20:26,122  INFO [pool-1-thread-9] - clear replication group of document - ICRIS PROD 0640076860
2023-01-10 11:20:26,971  INFO [pool-1-thread-9] - clear replication group of document - ICRIS PROD 0640096981
2023-01-10 11:20:28,124  INFO [pool-1-thread-9] - clear replication group of document - ICRIS PROD 0640113792
2023-01-10 11:20:30,726  INFO [pool-1-thread-9] - clear replication group of document - ICRIS PROD 0640191244
2023-01-10 11:20:30,967  INFO [pool-1-thread-9] - clear replication group of document - ICRIS PROD 0640191246
2023-01-10 11:20:31,318  INFO [pool-1-thread-9] - clear replication group of document - ICRIS PROD 0640197439
2023-01-10 11:20:31,816  INFO [pool-1-thread-9] - clear replication group of document - ICRIS PROD 0640221284
2023-01-10 11:20:35,042  INFO [pool-1-thread-9] - clear replication group of document - ICRIS PROD 0640312436
2023-01-10 11:20:35,548  INFO [pool-1-thread-9] - clear replication group of document - ICRIS PROD 0640318865
2023-01-10 11:20:35,782  INFO [pool-1-thread-9] - clear replication group of document - ICRIS PROD 0640318896
2023-01-10 11:20:36,478  INFO [pool-1-thread-9] - clear replication group of document - ICRIS PROD 0640319189
2023-01-10 11:20:37,172  INFO [pool-1-thread-9] - clear replication group of document - ICRIS PROD 0640319191
2023-01-10 11:20:37,688  INFO [pool-1-thread-9] - clear replication group of document - ICRIS PROD 0640331614
2023-01-10 11:20:38,781  INFO [pool-1-thread-9] - clear replication group of document - ICRIS PROD 0640335027
2023-01-10 11:20:39,015  INFO [pool-1-thread-9] - clear replication group of document - ICRIS PROD 0640335039
2023-01-10 11:20:45,781  INFO [pool-1-thread-9] - clear replication group of document - ICRIS PROD 0640397826
2023-01-10 11:20:48,640  INFO [pool-1-thread-9] - clear replication group of document - ICRIS PROD 0640484119
2023-01-10 11:20:50,276  INFO [pool-1-thread-9] - clear replication group of document - ICRIS PROD 0640527061
2023-01-10 11:20:52,401  INFO [pool-1-thread-9] - clear replication group of document - ICRIS PROD 0640581967
2023-01-10 11:20:52,782  INFO [pool-1-thread-9] - clear replication group of document - ICRIS PROD 0640581991
2023-01-10 11:20:53,810  INFO [pool-1-thread-9] - clear replication group of document - ICRIS PROD 0640616644
2023-01-10 11:20:54,035  INFO [pool-1-thread-9] - clear replication group of document - ICRIS PROD 0640616647
2023-01-10 11:20:55,500  INFO [pool-1-thread-9] - clear replication group of document - ICRIS PROD 0640648992
2023-01-10 11:20:57,815  INFO [pool-1-thread-9] - clear replication group of document - ICRIS PROD 0640762988
2023-01-10 11:21:00,401  INFO [pool-1-thread-9] - clear replication group of document - ICRIS PROD 0640847338
2023-01-10 11:21:03,563  INFO [pool-1-thread-9] - clear replication group of document - ICRIS PROD 0640996602
2023-01-10 11:21:04,653  INFO [pool-1-thread-9] - clear replication group of document - ICRIS PROD 0641097584
2023-01-10 11:21:04,894  INFO [pool-1-thread-9] - clear replication group of document - ICRIS PROD 0641117469
2023-01-10 11:21:07,087  INFO [pool-1-thread-10] - finished,annotConvert_007/xaaj
2023-01-10 11:21:08,046  INFO [pool-1-thread-9] - clear replication group of document - ICRIS PROD 0641153234
2023-01-10 11:21:08,828  INFO [pool-1-thread-9] - clear replication group of document - ICRIS PROD 0641153251
2023-01-10 11:21:10,926  INFO [pool-1-thread-9] - clear replication group of document - ICRIS PROD 0641237830
2023-01-10 11:21:11,141  INFO [pool-1-thread-9] - clear replication group of document - ICRIS PROD 0641237833
2023-01-10 11:21:12,651  INFO [pool-1-thread-9] - clear replication group of document - ICRIS PROD 0641280710
2023-01-10 11:21:17,068  INFO [pool-1-thread-9] - clear replication group of document - ICRIS PROD 0641392264
2023-01-10 11:21:18,515  INFO [pool-1-thread-9] - clear replication group of document - ICRIS PROD 0641405007
2023-01-10 11:21:23,047  INFO [pool-1-thread-9] - clear replication group of document - ICRIS PROD 0641538459
2023-01-10 11:21:29,447  INFO [pool-1-thread-9] - clear replication group of document - ICRIS PROD 0641733114
2023-01-10 11:21:35,599  INFO [pool-1-thread-9] - clear replication group of document - ICRIS PROD 0642013188
2023-01-10 11:21:37,509  INFO [pool-1-thread-9] - clear replication group of document - ICRIS PROD 0642074046
2023-01-10 11:21:37,900  INFO [pool-1-thread-9] - clear replication group of document - ICRIS PROD 0642074056
2023-01-10 11:21:38,485  INFO [pool-1-thread-9] - clear replication group of document - ICRIS PROD 0642074061
2023-01-10 11:21:39,804  INFO [pool-1-thread-9] - clear replication group of document - ICRIS PROD 0642075985
2023-01-10 11:21:40,700  INFO [pool-1-thread-9] - clear replication group of document - ICRIS PROD 0642075993
2023-01-10 11:21:42,886  INFO [pool-1-thread-9] - clear replication group of document - ICRIS PROD 0642141887
2023-01-10 11:21:45,723  INFO [pool-1-thread-9] - clear replication group of document - ICRIS PROD 0642198557
2023-01-10 11:21:47,318  INFO [pool-1-thread-9] - clear replication group of document - ICRIS PROD 0642260423
2023-01-10 11:21:49,831  INFO [pool-1-thread-9] - clear replication group of document - ICRIS PROD 0642361657
2023-01-10 11:21:50,465  INFO [pool-1-thread-9] - clear replication group of document - ICRIS PROD 0642361675
2023-01-10 11:21:51,002  INFO [pool-1-thread-9] - clear replication group of document - ICRIS PROD 0642363935
2023-01-10 11:21:51,608  INFO [pool-1-thread-9] - clear replication group of document - ICRIS PROD 0642373985
2023-01-10 11:21:54,485  INFO [pool-1-thread-9] - clear replication group of document - ICRIS PROD 0642417082
2023-01-10 11:21:57,013  INFO [pool-1-thread-9] - clear replication group of document - ICRIS PROD 0642540662
2023-01-10 11:21:59,318  INFO [pool-1-thread-9] - clear replication group of document - ICRIS PROD 0642671575
2023-01-10 11:22:00,274  INFO [pool-1-thread-9] - clear replication group of document - ICRIS PROD 0642671587
2023-01-10 11:22:01,404  INFO [pool-1-thread-9] - clear replication group of document - ICRIS PROD 0642700825
2023-01-10 11:22:03,861  INFO [pool-1-thread-9] - clear replication group of document - ICRIS PROD 0642752194
2023-01-10 11:22:05,191  INFO [pool-1-thread-9] - clear replication group of document - ICRIS PROD 0642803874
2023-01-10 11:22:05,794  INFO [pool-1-thread-9] - clear replication group of document - ICRIS PROD 0642803896
2023-01-10 11:22:06,419  INFO [pool-1-thread-9] - clear replication group of document - ICRIS PROD 0642804962
2023-01-10 11:22:06,992  INFO [pool-1-thread-9] - clear replication group of document - ICRIS PROD 0642804974
2023-01-10 11:22:07,868  INFO [pool-1-thread-9] - clear replication group of document - ICRIS PROD 0642805921
2023-01-10 11:22:08,439  INFO [pool-1-thread-9] - clear replication group of document - ICRIS PROD 0642805925
2023-01-10 11:22:08,877  INFO [pool-1-thread-9] - clear replication group of document - ICRIS PROD 0642810431
2023-01-10 11:22:09,478  INFO [pool-1-thread-9] - clear replication group of document - ICRIS PROD 0642810441
2023-01-10 11:22:12,027  INFO [pool-1-thread-9] - clear replication group of document - ICRIS PROD 0642943777
2023-01-10 11:22:14,449  INFO [pool-1-thread-9] - clear replication group of document - ICRIS PROD 0643048884
2023-01-10 11:22:16,140  INFO [pool-1-thread-9] - clear replication group of document - ICRIS PROD 0643062413
2023-01-10 11:22:17,799  INFO [pool-1-thread-9] - clear replication group of document - ICRIS PROD 0643176290
2023-01-10 11:22:18,683  INFO [pool-1-thread-9] - clear replication group of document - ICRIS PROD 0643176337
2023-01-10 11:22:20,002  INFO [pool-1-thread-9] - clear replication group of document - ICRIS PROD 0643176339
2023-01-10 11:22:20,829  INFO [pool-1-thread-9] - clear replication group of document - ICRIS PROD 0643188353
2023-01-10 11:22:21,787  INFO [pool-1-thread-9] - clear replication group of document - ICRIS PROD 0643222319
2023-01-10 11:22:22,068  INFO [pool-1-thread-9] - clear replication group of document - ICRIS PROD 0643222340
2023-01-10 11:22:22,338  INFO [pool-1-thread-9] - clear replication group of document - ICRIS PROD 0643227779
2023-01-10 11:22:23,538  INFO [pool-1-thread-9] - clear replication group of document - ICRIS PROD 0643258586
2023-01-10 11:22:25,962  INFO [pool-1-thread-9] - clear replication group of document - ICRIS PROD 0643329880
2023-01-10 11:22:26,239  INFO [pool-1-thread-9] - clear replication group of document - ICRIS PROD 0643330061
2023-01-10 11:22:29,885  INFO [pool-1-thread-1] - finished,annotConvert_007/xaaa
2023-01-10 11:22:30,018  INFO [pool-1-thread-9] - clear replication group of document - ICRIS PROD 0643404429
2023-01-10 11:22:33,546  INFO [pool-1-thread-9] - clear replication group of document - ICRIS PROD 0643427616
2023-01-10 11:22:34,916  INFO [pool-1-thread-9] - clear replication group of document - ICRIS PROD 0643427634
2023-01-10 11:22:35,100  INFO [pool-1-thread-9] - clear replication group of document - ICRIS PROD 0643427661
2023-01-10 11:22:35,303  INFO [pool-1-thread-9] - clear replication group of document - ICRIS PROD 0643427715
2023-01-10 11:22:36,633  INFO [pool-1-thread-9] - clear replication group of document - ICRIS PROD 0643427758
2023-01-10 11:22:37,767  INFO [pool-1-thread-9] - clear replication group of document - ICRIS PROD 0643427791
2023-01-10 11:22:38,326  INFO [pool-1-thread-9] - clear replication group of document - ICRIS PROD 0643427802
2023-01-10 11:22:40,849  INFO [pool-1-thread-2] - finished,annotConvert_007/xaab
2023-01-10 11:22:43,580  INFO [pool-1-thread-9] - clear replication group of document - ICRIS PROD 0643551926
2023-01-10 11:22:44,732  INFO [pool-1-thread-9] - clear replication group of document - ICRIS PROD 0643592734
2023-01-10 11:22:47,338  INFO [pool-1-thread-9] - clear replication group of document - ICRIS PROD 0643676637
2023-01-10 11:22:49,042  INFO [pool-1-thread-9] - clear replication group of document - ICRIS PROD 0643704435
2023-01-10 11:22:49,440  INFO [pool-1-thread-9] - clear replication group of document - ICRIS PROD 0643731024
2023-01-10 11:22:49,917  INFO [pool-1-thread-9] - clear replication group of document - ICRIS PROD 0643738228
2023-01-10 11:22:50,539  INFO [pool-1-thread-9] - clear replication group of document - ICRIS PROD 0643759677
2023-01-10 11:22:51,275  INFO [pool-1-thread-9] - clear replication group of document - ICRIS PROD 0643800556
2023-01-10 11:22:52,555  INFO [pool-1-thread-9] - clear replication group of document - ICRIS PROD 0643856364
2023-01-10 11:22:53,691  INFO [pool-1-thread-9] - clear replication group of document - ICRIS PROD 0643877107
2023-01-10 11:22:54,360  INFO [pool-1-thread-9] - clear replication group of document - ICRIS PROD 0643895693
2023-01-10 11:22:55,519  INFO [pool-1-thread-9] - clear replication group of document - ICRIS PROD 0643930327
2023-01-10 11:22:57,513  INFO [pool-1-thread-9] - clear replication group of document - ICRIS PROD 0644022097
2023-01-10 11:22:57,802  INFO [pool-1-thread-9] - clear replication group of document - ICRIS PROD 0644022319
2023-01-10 11:23:01,599  INFO [pool-1-thread-9] - clear replication group of document - ICRIS PROD 0644076468
2023-01-10 11:23:03,489  INFO [pool-1-thread-9] - clear replication group of document - ICRIS PROD 0644139216
2023-01-10 11:23:03,875  INFO [pool-1-thread-9] - clear replication group of document - ICRIS PROD 0644147761
2023-01-10 11:23:04,672  INFO [pool-1-thread-9] - clear replication group of document - ICRIS PROD 0644151555
2023-01-10 11:23:04,903  INFO [pool-1-thread-9] - clear replication group of document - ICRIS PROD 0644151557
2023-01-10 11:23:05,950  INFO [pool-1-thread-9] - clear replication group of document - ICRIS PROD 0644192311
2023-01-10 11:23:07,092  INFO [pool-1-thread-9] - clear replication group of document - ICRIS PROD 0644192313
2023-01-10 11:23:07,962  INFO [pool-1-thread-9] - clear replication group of document - ICRIS PROD 0644192326
2023-01-10 11:23:09,146  INFO [pool-1-thread-9] - clear replication group of document - ICRIS PROD 0644192328
2023-01-10 11:23:09,900  INFO [pool-1-thread-9] - clear replication group of document - ICRIS PROD 0644194118
2023-01-10 11:23:11,027  INFO [pool-1-thread-9] - clear replication group of document - ICRIS PROD 0644248513
2023-01-10 11:23:11,818  INFO [pool-1-thread-9] - clear replication group of document - ICRIS PROD 0644249281
2023-01-10 11:23:13,361  INFO [pool-1-thread-9] - clear replication group of document - ICRIS PROD 0644291718
2023-01-10 11:23:15,067  INFO [pool-1-thread-9] - clear replication group of document - ICRIS PROD 0644332127
2023-01-10 11:23:15,304  INFO [pool-1-thread-9] - clear replication group of document - ICRIS PROD 0644332134
2023-01-10 11:23:15,542  INFO [pool-1-thread-9] - clear replication group of document - ICRIS PROD 0644332165
2023-01-10 11:23:15,727  INFO [pool-1-thread-9] - clear replication group of document - ICRIS PROD 0644332176
2023-01-10 11:23:18,003  INFO [pool-1-thread-9] - clear replication group of document - ICRIS PROD 0644416816
2023-01-10 11:23:19,519  INFO [pool-1-thread-9] - clear replication group of document - ICRIS PROD 0644455252
2023-01-10 11:23:19,746  INFO [pool-1-thread-9] - clear replication group of document - ICRIS PROD 0644455344
2023-01-10 11:23:19,962  INFO [pool-1-thread-9] - clear replication group of document - ICRIS PROD 0644455498
2023-01-10 11:23:20,386  INFO [pool-1-thread-9] - clear replication group of document - ICRIS PROD 0644470334
2023-01-10 11:23:23,844  INFO [pool-1-thread-9] - clear replication group of document - ICRIS PROD 0644556007
2023-01-10 11:23:24,718  INFO [pool-1-thread-9] - clear replication group of document - ICRIS PROD 0644569623
2023-01-10 11:23:25,540  INFO [pool-1-thread-9] - clear replication group of document - ICRIS PROD 0644605576
2023-01-10 11:23:26,399  INFO [pool-1-thread-9] - clear replication group of document - ICRIS PROD 0644611152
2023-01-10 11:23:26,845  INFO [pool-1-thread-9] - clear replication group of document - ICRIS PROD 0644630688
2023-01-10 11:23:27,607  INFO [pool-1-thread-9] - clear replication group of document - ICRIS PROD 0644654212
2023-01-10 11:23:28,629  INFO [pool-1-thread-9] - clear replication group of document - ICRIS PROD 0644654216
2023-01-10 11:23:28,940  INFO [pool-1-thread-9] - clear replication group of document - ICRIS PROD 0644654221
2023-01-10 11:23:31,195  INFO [pool-1-thread-9] - clear replication group of document - ICRIS PROD 0644698644
2023-01-10 11:23:36,146  INFO [pool-1-thread-9] - clear replication group of document - ICRIS PROD 0644844772
2023-01-10 11:23:37,618  INFO [pool-1-thread-9] - clear replication group of document - ICRIS PROD 0644908645
2023-01-10 11:23:38,703  INFO [pool-1-thread-9] - clear replication group of document - ICRIS PROD 0644925267
2023-01-10 11:23:41,061  INFO [pool-1-thread-9] - clear replication group of document - ICRIS PROD 0644975468
2023-01-10 11:23:42,459  INFO [pool-1-thread-9] - clear replication group of document - ICRIS PROD 0645023379
2023-01-10 11:23:44,720  INFO [pool-1-thread-9] - clear replication group of document - ICRIS PROD 0645099658
2023-01-10 11:23:45,663  INFO [pool-1-thread-9] - clear replication group of document - ICRIS PROD 0645147590
2023-01-10 11:23:46,306  INFO [pool-1-thread-9] - clear replication group of document - ICRIS PROD 0645169708
2023-01-10 11:23:46,523  INFO [pool-1-thread-9] - clear replication group of document - ICRIS PROD 0645169710
2023-01-10 11:23:49,200  INFO [pool-1-thread-9] - clear replication group of document - ICRIS PROD 0645281533
2023-01-10 11:23:50,613  INFO [pool-1-thread-8] - clear replication group of document - ICRIS PROD 0567548366
2023-01-10 11:23:51,791  INFO [pool-1-thread-9] - clear replication group of document - ICRIS PROD 0645401898
2023-01-10 11:23:52,112  INFO [pool-1-thread-9] - clear replication group of document - ICRIS PROD 0645401901
2023-01-10 11:23:55,125  INFO [pool-1-thread-9] - clear replication group of document - ICRIS PROD 0645482174
2023-01-10 11:23:57,067  INFO [pool-1-thread-9] - clear replication group of document - ICRIS PROD 0645604977
2023-01-10 11:23:58,314  INFO [pool-1-thread-9] - clear replication group of document - ICRIS PROD 0645633398
2023-01-10 11:24:00,350  INFO [pool-1-thread-9] - clear replication group of document - ICRIS PROD 0645831206
2023-01-10 11:24:02,725  INFO [pool-1-thread-9] - clear replication group of document - ICRIS PROD 0645917049
2023-01-10 11:24:03,141  INFO [pool-1-thread-9] - clear replication group of document - ICRIS PROD 0645917074
2023-01-10 11:24:04,010  INFO [pool-1-thread-9] - clear replication group of document - ICRIS PROD 0645917800
2023-01-10 11:24:04,717  INFO [pool-1-thread-9] - clear replication group of document - ICRIS PROD 0645917829
2023-01-10 11:24:06,150  INFO [pool-1-thread-9] - clear replication group of document - ICRIS PROD 0645932268
2023-01-10 11:24:06,351  INFO [pool-1-thread-9] - clear replication group of document - ICRIS PROD 0645932301
2023-01-10 11:24:06,791  INFO [pool-1-thread-9] - clear replication group of document - ICRIS PROD 0645935126
2023-01-10 11:24:07,345  INFO [pool-1-thread-9] - clear replication group of document - ICRIS PROD 0645987044
2023-01-10 11:24:08,072  INFO [pool-1-thread-9] - clear replication group of document - ICRIS PROD 0646004958
2023-01-10 11:24:08,411  INFO [pool-1-thread-9] - clear replication group of document - ICRIS PROD 0646004960
2023-01-10 11:24:09,354  INFO [pool-1-thread-9] - clear replication group of document - ICRIS PROD 0646041897
2023-01-10 11:24:10,621  INFO [pool-1-thread-9] - clear replication group of document - ICRIS PROD 0646077723
2023-01-10 11:24:11,446  INFO [pool-1-thread-9] - clear replication group of document - ICRIS PROD 0646118507
2023-01-10 11:24:12,119  INFO [pool-1-thread-9] - clear replication group of document - ICRIS PROD 0646118785
2023-01-10 11:24:12,602  INFO [pool-1-thread-9] - clear replication group of document - ICRIS PROD 0646118794
2023-01-10 11:24:13,103  INFO [pool-1-thread-9] - clear replication group of document - ICRIS PROD 0646130049
2023-01-10 11:24:13,302  INFO [pool-1-thread-9] - clear replication group of document - ICRIS PROD 0646130052
2023-01-10 11:24:15,390  INFO [pool-1-thread-9] - clear replication group of document - ICRIS PROD 0646256361
2023-01-10 11:24:15,890  INFO [pool-1-thread-9] - clear replication group of document - ICRIS PROD 0646274538
2023-01-10 11:24:16,744  INFO [pool-1-thread-9] - clear replication group of document - ICRIS PROD 0646331266
2023-01-10 11:24:17,279  INFO [pool-1-thread-9] - clear replication group of document - ICRIS PROD 0646345762
2023-01-10 11:24:18,413  INFO [pool-1-thread-9] - clear replication group of document - ICRIS PROD 0646382807
2023-01-10 11:24:18,675  INFO [pool-1-thread-9] - clear replication group of document - ICRIS PROD 0646382818
2023-01-10 11:24:18,907  INFO [pool-1-thread-9] - clear replication group of document - ICRIS PROD 0646382829
2023-01-10 11:24:19,669  INFO [pool-1-thread-9] - clear replication group of document - ICRIS PROD 0646384690
2023-01-10 11:24:19,986  INFO [pool-1-thread-9] - clear replication group of document - ICRIS PROD 0646387075
2023-01-10 11:24:20,261  INFO [pool-1-thread-9] - clear replication group of document - ICRIS PROD 0646404231
2023-01-10 11:24:20,456  INFO [pool-1-thread-9] - clear replication group of document - ICRIS PROD 0646404234
2023-01-10 11:24:20,928  INFO [pool-1-thread-9] - clear replication group of document - ICRIS PROD 0646404650
2023-01-10 11:24:22,296  INFO [pool-1-thread-9] - clear replication group of document - ICRIS PROD 0646469089
2023-01-10 11:24:24,417  INFO [pool-1-thread-9] - clear replication group of document - ICRIS PROD 0646469105
2023-01-10 11:24:24,780  INFO [pool-1-thread-9] - clear replication group of document - ICRIS PROD 0646469138
2023-01-10 11:24:26,128  INFO [pool-1-thread-9] - clear replication group of document - ICRIS PROD 0646528757
2023-01-10 11:24:26,547  INFO [pool-1-thread-9] - clear replication group of document - ICRIS PROD 0646545018
2023-01-10 11:24:26,820  INFO [pool-1-thread-9] - clear replication group of document - ICRIS PROD 0646551864
2023-01-10 11:24:28,403  INFO [pool-1-thread-9] - clear replication group of document - ICRIS PROD 0646610833
2023-01-10 11:24:29,543  INFO [pool-1-thread-9] - clear replication group of document - ICRIS PROD 0646683373
2023-01-10 11:24:29,742  INFO [pool-1-thread-9] - clear replication group of document - ICRIS PROD 0646683375
2023-01-10 11:24:31,629  INFO [pool-1-thread-9] - clear replication group of document - ICRIS PROD 0646745054
2023-01-10 11:24:32,149  INFO [pool-1-thread-9] - clear replication group of document - ICRIS PROD 0646745057
2023-01-10 11:24:33,044  INFO [pool-1-thread-9] - clear replication group of document - ICRIS PROD 0646745071
2023-01-10 11:24:33,634  INFO [pool-1-thread-9] - clear replication group of document - ICRIS PROD 0646745074
2023-01-10 11:24:34,238  INFO [pool-1-thread-9] - clear replication group of document - ICRIS PROD 0646745077
2023-01-10 11:24:35,148  INFO [pool-1-thread-9] - clear replication group of document - ICRIS PROD 0646767921
2023-01-10 11:24:35,491  INFO [pool-1-thread-9] - clear replication group of document - ICRIS PROD 0646769083
2023-01-10 11:24:35,753  INFO [pool-1-thread-9] - clear replication group of document - ICRIS PROD 0646771725
2023-01-10 11:24:37,080  INFO [pool-1-thread-9] - clear replication group of document - ICRIS PROD 0646785318
2023-01-10 11:24:37,696  INFO [pool-1-thread-9] - clear replication group of document - ICRIS PROD 0646798452
2023-01-10 11:24:37,906  INFO [pool-1-thread-9] - clear replication group of document - ICRIS PROD 0646803558
2023-01-10 11:24:38,342  INFO [pool-1-thread-9] - clear replication group of document - ICRIS PROD 0646812369
2023-01-10 11:24:39,064  INFO [pool-1-thread-9] - clear replication group of document - ICRIS PROD 0646838827
2023-01-10 11:24:39,318  INFO [pool-1-thread-9] - clear replication group of document - ICRIS PROD 0646838831
2023-01-10 11:24:40,389  INFO [pool-1-thread-9] - clear replication group of document - ICRIS PROD 0646888876
2023-01-10 11:24:41,805  INFO [pool-1-thread-9] - clear replication group of document - ICRIS PROD 0646947611
2023-01-10 11:24:43,737  INFO [pool-1-thread-9] - clear replication group of document - ICRIS PROD 0646947625
2023-01-10 11:24:45,150  INFO [pool-1-thread-8] - clear replication group of document - ICRIS PROD 0569988778
2023-01-10 11:24:46,228  INFO [pool-1-thread-9] - clear replication group of document - ICRIS PROD 0646947631
2023-01-10 11:24:51,083  INFO [pool-1-thread-9] - clear replication group of document - ICRIS PROD 0647061717
2023-01-10 11:24:55,076  INFO [pool-1-thread-9] - clear replication group of document - ICRIS PROD 0647169877
2023-01-10 11:24:55,524  INFO [pool-1-thread-9] - clear replication group of document - ICRIS PROD 0647188172
2023-01-10 11:24:56,061  INFO [pool-1-thread-9] - clear replication group of document - ICRIS PROD 0647196596
2023-01-10 11:24:56,713  INFO [pool-1-thread-9] - clear replication group of document - ICRIS PROD 0647206114
2023-01-10 11:24:57,537  INFO [pool-1-thread-9] - clear replication group of document - ICRIS PROD 0647206169
2023-01-10 11:24:57,850  INFO [pool-1-thread-9] - clear replication group of document - ICRIS PROD 0647206190
2023-01-10 11:24:58,977  INFO [pool-1-thread-9] - clear replication group of document - ICRIS PROD 0647272430
2023-01-10 11:25:01,227  INFO [pool-1-thread-9] - clear replication group of document - ICRIS PROD 0647342596
2023-01-10 11:25:02,337  INFO [pool-1-thread-9] - clear replication group of document - ICRIS PROD 0647361613
2023-01-10 11:25:03,463  INFO [pool-1-thread-9] - clear replication group of document - ICRIS PROD 0647399951
2023-01-10 11:25:05,101  INFO [pool-1-thread-9] - clear replication group of document - ICRIS PROD 0647447601
2023-01-10 11:25:06,875  INFO [pool-1-thread-9] - clear replication group of document - ICRIS PROD 0647531515
2023-01-10 11:25:08,672  INFO [pool-1-thread-9] - clear replication group of document - ICRIS PROD 0647576033
2023-01-10 11:25:09,161  INFO [pool-1-thread-9] - clear replication group of document - ICRIS PROD 0647576858
2023-01-10 11:25:12,158  INFO [pool-1-thread-9] - clear replication group of document - ICRIS PROD 0647616088
2023-01-10 11:25:14,793  INFO [pool-1-thread-9] - clear replication group of document - ICRIS PROD 0647636412
2023-01-10 11:25:15,157  INFO [pool-1-thread-9] - clear replication group of document - ICRIS PROD 0647637802
2023-01-10 11:25:16,237  INFO [pool-1-thread-9] - clear replication group of document - ICRIS PROD 0647637804
2023-01-10 11:25:23,538  INFO [pool-1-thread-9] - clear replication group of document - ICRIS PROD 0647741463
2023-01-10 11:25:24,370  INFO [pool-1-thread-9] - clear replication group of document - ICRIS PROD 0647756928
2023-01-10 11:25:24,812  INFO [pool-1-thread-9] - clear replication group of document - ICRIS PROD 0647757908
2023-01-10 11:25:25,264  INFO [pool-1-thread-9] - clear replication group of document - ICRIS PROD 0647763219
2023-01-10 11:25:25,962  INFO [pool-1-thread-9] - clear replication group of document - ICRIS PROD 0647797147
2023-01-10 11:25:26,327  INFO [pool-1-thread-9] - clear replication group of document - ICRIS PROD 0647802998
2023-01-10 11:25:26,930  INFO [pool-1-thread-9] - clear replication group of document - ICRIS PROD 0647822835
2023-01-10 11:25:27,186  INFO [pool-1-thread-9] - clear replication group of document - ICRIS PROD 0647839707
2023-01-10 11:25:29,843  INFO [pool-1-thread-9] - clear replication group of document - ICRIS PROD 0647839717
2023-01-10 11:25:30,047  INFO [pool-1-thread-9] - clear replication group of document - ICRIS PROD 0647839719
2023-01-10 11:25:30,252  INFO [pool-1-thread-9] - clear replication group of document - ICRIS PROD 0647839721
2023-01-10 11:25:30,460  INFO [pool-1-thread-9] - clear replication group of document - ICRIS PROD 0647839723
2023-01-10 11:25:31,117  INFO [pool-1-thread-9] - clear replication group of document - ICRIS PROD 0647839725
2023-01-10 11:25:31,367  INFO [pool-1-thread-9] - clear replication group of document - ICRIS PROD 0647839727
2023-01-10 11:25:31,577  INFO [pool-1-thread-9] - clear replication group of document - ICRIS PROD 0647839729
2023-01-10 11:25:32,217  INFO [pool-1-thread-9] - clear replication group of document - ICRIS PROD 0647839731
2023-01-10 11:25:32,484  INFO [pool-1-thread-9] - clear replication group of document - ICRIS PROD 0647839733
2023-01-10 11:25:32,784  INFO [pool-1-thread-9] - clear replication group of document - ICRIS PROD 0647839735
2023-01-10 11:25:33,030  INFO [pool-1-thread-9] - clear replication group of document - ICRIS PROD 0647839740
2023-01-10 11:25:33,253  INFO [pool-1-thread-9] - clear replication group of document - ICRIS PROD 0647839742
2023-01-10 11:25:33,473  INFO [pool-1-thread-9] - clear replication group of document - ICRIS PROD 0647839744
2023-01-10 11:25:33,673  INFO [pool-1-thread-9] - clear replication group of document - ICRIS PROD 0647839746
2023-01-10 11:25:33,855  INFO [pool-1-thread-9] - clear replication group of document - ICRIS PROD 0647839748
2023-01-10 11:25:34,054  INFO [pool-1-thread-9] - clear replication group of document - ICRIS PROD 0647839750
2023-01-10 11:25:34,266  INFO [pool-1-thread-9] - clear replication group of document - ICRIS PROD 0647839752
2023-01-10 11:25:34,470  INFO [pool-1-thread-9] - clear replication group of document - ICRIS PROD 0647839754
2023-01-10 11:25:34,667  INFO [pool-1-thread-9] - clear replication group of document - ICRIS PROD 0647839759
2023-01-10 11:25:34,877  INFO [pool-1-thread-9] - clear replication group of document - ICRIS PROD 0647839761
2023-01-10 11:25:35,071  INFO [pool-1-thread-9] - clear replication group of document - ICRIS PROD 0647839763
2023-01-10 11:25:38,399  INFO [pool-1-thread-9] - clear replication group of document - ICRIS PROD 0647988724
2023-01-10 11:25:39,960  INFO [pool-1-thread-9] - clear replication group of document - ICRIS PROD 0648060602
2023-01-10 11:25:41,889  INFO [pool-1-thread-9] - clear replication group of document - ICRIS PROD 0648118659
2023-01-10 11:25:42,383  INFO [pool-1-thread-9] - clear replication group of document - ICRIS PROD 0648122413
2023-01-10 11:25:43,739  INFO [pool-1-thread-9] - clear replication group of document - ICRIS PROD 0648143767
2023-01-10 11:25:45,032  INFO [pool-1-thread-9] - clear replication group of document - ICRIS PROD 0648156808
2023-01-10 11:25:47,308  INFO [pool-1-thread-9] - clear replication group of document - ICRIS PROD 0648192822
2023-01-10 11:25:52,862  INFO [pool-1-thread-9] - clear replication group of document - ICRIS PROD 0648207817
2023-01-10 11:25:54,379  INFO [pool-1-thread-9] - clear replication group of document - ICRIS PROD 0648242913
2023-01-10 11:26:03,599  INFO [pool-1-thread-9] - clear replication group of document - ICRIS PROD 0648344787
2023-01-10 11:26:05,854  INFO [pool-1-thread-9] - clear replication group of document - ICRIS PROD 0648423409
2023-01-10 11:26:09,709  INFO [pool-1-thread-9] - clear replication group of document - ICRIS PROD 0648455523
2023-01-10 11:26:11,121  INFO [pool-1-thread-9] - clear replication group of document - ICRIS PROD 0648478911
2023-01-10 11:26:11,456  INFO [pool-1-thread-9] - clear replication group of document - ICRIS PROD 0648503456
2023-01-10 11:26:12,328  INFO [pool-1-thread-9] - clear replication group of document - ICRIS PROD 0648518800
2023-01-10 11:26:15,680  INFO [pool-1-thread-9] - clear replication group of document - ICRIS PROD 0648700529
2023-01-10 11:26:17,056  INFO [pool-1-thread-9] - clear replication group of document - ICRIS PROD 0648737595
2023-01-10 11:26:17,864  INFO [pool-1-thread-9] - clear replication group of document - ICRIS PROD 0648764880
2023-01-10 11:26:19,884  INFO [pool-1-thread-9] - clear replication group of document - ICRIS PROD 0648898208
2023-01-10 11:26:22,371  INFO [pool-1-thread-9] - clear replication group of document - ICRIS PROD 0648997939
2023-01-10 11:26:27,313  INFO [pool-1-thread-9] - clear replication group of document - ICRIS PROD 0649233835
2023-01-10 11:26:28,002  INFO [pool-1-thread-9] - clear replication group of document - ICRIS PROD 0649251024
2023-01-10 11:26:28,308  INFO [pool-1-thread-9] - clear replication group of document - ICRIS PROD 0649253673
2023-01-10 11:26:28,824  INFO [pool-1-thread-9] - clear replication group of document - ICRIS PROD 0649275402
2023-01-10 11:26:31,403  INFO [pool-1-thread-9] - clear replication group of document - ICRIS PROD 0649302279
2023-01-10 11:26:35,650  INFO [pool-1-thread-9] - clear replication group of document - ICRIS PROD 0649439220
2023-01-10 11:26:38,956  INFO [pool-1-thread-9] - clear replication group of document - ICRIS PROD 0649523747
2023-01-10 11:26:41,310  INFO [pool-1-thread-9] - clear replication group of document - ICRIS PROD 0649537688
2023-01-10 11:26:46,135  INFO [pool-1-thread-9] - clear replication group of document - ICRIS PROD 0649701531
2023-01-10 11:26:46,446  INFO [pool-1-thread-9] - clear replication group of document - ICRIS PROD 0649701643
2023-01-10 11:26:46,644  INFO [pool-1-thread-9] - clear replication group of document - ICRIS PROD 0649706069
2023-01-10 11:26:48,074  INFO [pool-1-thread-9] - clear replication group of document - ICRIS PROD 0649717506
2023-01-10 11:26:48,314  INFO [pool-1-thread-9] - clear replication group of document - ICRIS PROD 0649718618
2023-01-10 11:26:50,066  INFO [pool-1-thread-9] - clear replication group of document - ICRIS PROD 0649809054
2023-01-10 11:26:50,337  INFO [pool-1-thread-9] - clear replication group of document - ICRIS PROD 0649809067
2023-01-10 11:26:51,047  INFO [pool-1-thread-9] - clear replication group of document - ICRIS PROD 0649814479
2023-01-10 11:26:51,292  INFO [pool-1-thread-9] - clear replication group of document - ICRIS PROD 0649814511
2023-01-10 11:26:52,598  INFO [pool-1-thread-9] - clear replication group of document - ICRIS PROD 0649820086
2023-01-10 11:26:52,801  INFO [pool-1-thread-9] - clear replication group of document - ICRIS PROD 0649820087
2023-01-10 11:26:53,075  INFO [pool-1-thread-9] - clear replication group of document - ICRIS PROD 0649820088
2023-01-10 11:26:54,531  INFO [pool-1-thread-9] - clear replication group of document - ICRIS PROD 0649873147
2023-01-10 11:26:54,826  INFO [pool-1-thread-9] - clear replication group of document - ICRIS PROD 0649880080
2023-01-10 11:26:56,526  INFO [pool-1-thread-9] - clear replication group of document - ICRIS PROD 0649938567
2023-01-10 11:26:58,795  INFO [pool-1-thread-9] - clear replication group of document - ICRIS PROD 0650027921
2023-01-10 11:26:59,164  INFO [pool-1-thread-9] - clear replication group of document - ICRIS PROD 0650044785
2023-01-10 11:26:59,355  INFO [pool-1-thread-9] - clear replication group of document - ICRIS PROD 0650051230
2023-01-10 11:26:59,651  INFO [pool-1-thread-9] - clear replication group of document - ICRIS PROD 0650051259
2023-01-10 11:27:01,242  INFO [pool-1-thread-9] - clear replication group of document - ICRIS PROD 0650058876
2023-01-10 11:27:01,938  INFO [pool-1-thread-9] - clear replication group of document - ICRIS PROD 0650103558
2023-01-10 11:27:02,310  INFO [pool-1-thread-9] - clear replication group of document - ICRIS PROD 0650115985
2023-01-10 11:27:02,665  INFO [pool-1-thread-9] - clear replication group of document - ICRIS PROD 0650120572
2023-01-10 11:27:04,344  INFO [pool-1-thread-9] - clear replication group of document - ICRIS PROD 0650224796
2023-01-10 11:27:07,152  INFO [pool-1-thread-9] - clear replication group of document - ICRIS PROD 0650330225
2023-01-10 11:27:09,254  INFO [pool-1-thread-9] - clear replication group of document - ICRIS PROD 0650330238
2023-01-10 11:27:10,170  INFO [pool-1-thread-9] - clear replication group of document - ICRIS PROD 0650330296
2023-01-10 11:27:10,932  INFO [pool-1-thread-9] - clear replication group of document - ICRIS PROD 0650330546
2023-01-10 11:27:11,591  INFO [pool-1-thread-9] - clear replication group of document - ICRIS PROD 0650331863
2023-01-10 11:27:12,253  INFO [pool-1-thread-9] - clear replication group of document - ICRIS PROD 0650382068
2023-01-10 11:27:12,484  INFO [pool-1-thread-9] - clear replication group of document - ICRIS PROD 0650382069
2023-01-10 11:27:12,684  INFO [pool-1-thread-9] - clear replication group of document - ICRIS PROD 0650382070
2023-01-10 11:27:13,262  INFO [pool-1-thread-9] - clear replication group of document - ICRIS PROD 0650382076
2023-01-10 11:27:15,029  INFO [pool-1-thread-9] - clear replication group of document - ICRIS PROD 0650507280
2023-01-10 11:27:15,491  INFO [pool-1-thread-9] - clear replication group of document - ICRIS PROD 0650523363
2023-01-10 11:27:15,689  INFO [pool-1-thread-9] - clear replication group of document - ICRIS PROD 0650523385
2023-01-10 11:27:15,935  INFO [pool-1-thread-9] - clear replication group of document - ICRIS PROD 0650545436
2023-01-10 11:27:16,481  INFO [pool-1-thread-9] - clear replication group of document - ICRIS PROD 0650592933
2023-01-10 11:27:17,174  INFO [pool-1-thread-9] - clear replication group of document - ICRIS PROD 0650596889
2023-01-10 11:27:20,924  INFO [pool-1-thread-9] - clear replication group of document - ICRIS PROD 0650800733
2023-01-10 11:27:23,345  INFO [pool-1-thread-9] - clear replication group of document - ICRIS PROD 0650850200
2023-01-10 11:27:25,521  INFO [pool-1-thread-9] - clear replication group of document - ICRIS PROD 0651003949
2023-01-10 11:27:27,593  INFO [pool-1-thread-9] - clear replication group of document - ICRIS PROD 0651135204
2023-01-10 11:27:29,225  INFO [pool-1-thread-9] - clear replication group of document - ICRIS PROD 0651181111
2023-01-10 11:27:29,792  INFO [pool-1-thread-9] - clear replication group of document - ICRIS PROD 0651181642
2023-01-10 11:27:32,290  INFO [pool-1-thread-9] - clear replication group of document - ICRIS PROD 0651370468
2023-01-10 11:27:33,226  INFO [pool-1-thread-9] - clear replication group of document - ICRIS PROD 0651416058
2023-01-10 11:27:34,213  INFO [pool-1-thread-9] - clear replication group of document - ICRIS PROD 0651509207
2023-01-10 11:27:56,093  INFO [pool-1-thread-3] - finished,annotConvert_007/xaac
2023-01-10 11:30:34,225  INFO [pool-1-thread-4] - finished,annotConvert_007/xaad
2023-01-10 11:31:22,274  INFO [pool-1-thread-8] - clear replication group of document - ICRIS PROD 0587129825
2023-01-10 11:32:01,535  INFO [pool-1-thread-5] - finished,annotConvert_007/xaae
2023-01-10 11:32:05,338  INFO [pool-1-thread-6] - finished,annotConvert_007/xaaf
2023-01-10 11:33:08,195  INFO [pool-1-thread-8] - finished,annotConvert_007/xaah
2023-01-10 11:34:18,038  INFO [pool-1-thread-9] - finished,annotConvert_007/xaai
2023-01-10 11:34:37,197  INFO [pool-1-thread-7] - finished,annotConvert_007/xaag
2023-01-10 11:34:37,197  INFO [main] - All batches finished
