2021-07-21 14:41:37,338  INFO [main] - Connected to P8 Domain ICM533
2021-07-21 14:41:37,360  INFO [main] - Start submiiting 2  batches
2021-07-21 14:41:37,361 ERROR [main] - config\replicateConfig\removeBatchSet001.conf (The system cannot find the file specified)
2021-07-21 14:41:37,361 ERROR [main] - config\replicateConfig\removeBatchSet001.conf (The system cannot find the file specified)
2021-07-21 14:41:37,362  INFO [main] - All batches finished
2021-07-21 14:47:20,507  INFO [main] - Connected to P8 Domain ICM533
2021-07-21 14:47:20,511  INFO [main] - Start submiiting 2  batches
2021-07-21 14:47:20,516  INFO [pool-1-thread-1] - waiting,removeBatchSet001/rm001.dat,Sep 7, 2022 2:00:00 PM
2021-07-21 14:47:20,516  INFO [pool-1-thread-2] - waiting,removeBatchSet001/rm002.dat,Sep 7, 2022 2:00:00 PM
2021-07-21 14:52:37,558  INFO [main] - Connected to P8 Domain ICM533
2021-07-21 14:52:37,564  INFO [main] - Start submiiting 2  batches
2021-07-21 14:52:37,568  INFO [pool-1-thread-1] - waiting,removeBatchSet001/rm001.dat,Sep 7, 2022 2:00:00 PM
2021-07-21 14:52:37,568  INFO [pool-1-thread-2] - waiting,removeBatchSet001/rm002.dat,Sep 7, 2022 2:00:00 PM
2021-07-21 14:54:13,523  INFO [main] - Connected to P8 Domain ICM533
2021-07-21 14:54:13,529  INFO [main] - Start submiiting 2  batches
2021-07-21 14:54:13,533  INFO [pool-1-thread-1] - waiting,removeBatchSet001/rm001.dat,Jul 21, 2021 2:00:00 PM
2021-07-21 14:54:13,533  INFO [pool-1-thread-2] - waiting,removeBatchSet001/rm002.dat,Jul 21, 2021 2:00:00 PM
2021-07-21 14:54:13,533  INFO [pool-1-thread-1] - starting,removeBatchSet001/rm001.dat
2021-07-21 14:54:13,533  INFO [pool-1-thread-2] - starting,removeBatchSet001/rm002.dat
2021-07-21 14:54:13,608  INFO [main] - All batches finished
2021-07-21 14:56:34,572  INFO [main] - Connected to P8 Domain ICM533
2021-07-21 14:56:34,577  INFO [main] - Start submiiting 2  batches
2021-07-21 14:56:34,580  INFO [pool-1-thread-2] - waiting,removeBatchSet001/rm002.dat,Jul 21, 2021 2:00:00 PM
2021-07-21 14:56:34,580  INFO [pool-1-thread-1] - waiting,removeBatchSet001/rm001.dat,Jul 21, 2021 2:00:00 PM
2021-07-21 14:56:34,581  INFO [pool-1-thread-2] - starting,removeBatchSet001/rm002.dat
2021-07-21 14:56:34,581  INFO [pool-1-thread-1] - starting,removeBatchSet001/rm001.dat
2021-07-21 14:56:34,712  INFO [main] - All batches finished
2021-07-21 14:57:13,454  INFO [main] - Connected to P8 Domain ICM533
2021-07-21 14:57:13,458  INFO [main] - Start submiiting 2  batches
2021-07-21 14:57:13,461  INFO [pool-1-thread-1] - waiting,removeBatchSet001/rm001.dat,Jul 21, 2021 2:00:00 PM
2021-07-21 14:57:13,461  INFO [pool-1-thread-2] - waiting,removeBatchSet001/rm002.dat,Jul 21, 2021 2:00:00 PM
2021-07-21 14:57:13,462  INFO [pool-1-thread-1] - starting,removeBatchSet001/rm001.dat
2021-07-21 14:57:13,462  INFO [pool-1-thread-2] - starting,removeBatchSet001/rm002.dat
2021-07-21 14:57:13,551  INFO [main] - All batches finished
